{"C:\\Users\\Breno\\Desktop\\Arquivos Pessoais\\Projetos 2022+\\tasks_manager_api\\src\\routes.ts": {"path":"C:\\Users\\Breno\\Desktop\\Arquivos Pessoais\\Projetos 2022+\\tasks_manager_api\\src\\routes.ts","statementMap":{"0":{"start":{"line":1,"column":0},"end":{"line":1,"column":33}},"1":{"start":{"line":2,"column":0},"end":{"line":2,"column":104}},"2":{"start":{"line":3,"column":0},"end":{"line":3,"column":42}},"3":{"start":{"line":4,"column":0},"end":{"line":4,"column":82}},"4":{"start":{"line":5,"column":0},"end":{"line":5,"column":98}},"5":{"start":{"line":6,"column":0},"end":{"line":6,"column":74}},"6":{"start":{"line":7,"column":0},"end":{"line":7,"column":80}},"7":{"start":{"line":8,"column":0},"end":{"line":8,"column":64}},"8":{"start":{"line":9,"column":0},"end":{"line":9,"column":104}},"9":{"start":{"line":10,"column":0},"end":{"line":10,"column":82}},"10":{"start":{"line":11,"column":0},"end":{"line":11,"column":82}},"11":{"start":{"line":12,"column":0},"end":{"line":12,"column":80}},"12":{"start":{"line":14,"column":0},"end":{"line":14,"column":56}},"13":{"start":{"line":16,"column":15},"end":{"line":16,"column":23}},"14":{"start":{"line":47,"column":9},"end":{"line":47,"column":15}},"15":{"start":{"line":18,"column":21},"end":{"line":18,"column":51}},"16":{"start":{"line":20,"column":22},"end":{"line":20,"column":51}},"17":{"start":{"line":21,"column":24},"end":{"line":21,"column":45}},"18":{"start":{"line":22,"column":27},"end":{"line":22,"column":53}},"19":{"start":{"line":23,"column":22},"end":{"line":23,"column":51}},"20":{"start":{"line":24,"column":22},"end":{"line":24,"column":51}},"21":{"start":{"line":26,"column":34},"end":{"line":26,"column":75}},"22":{"start":{"line":27,"column":23},"end":{"line":27,"column":53}},"23":{"start":{"line":28,"column":23},"end":{"line":28,"column":53}},"24":{"start":{"line":29,"column":23},"end":{"line":29,"column":53}},"25":{"start":{"line":31,"column":0},"end":{"line":31,"column":39}},"26":{"start":{"line":33,"column":0},"end":{"line":33,"column":50}},"27":{"start":{"line":35,"column":0},"end":{"line":35,"column":57}},"28":{"start":{"line":36,"column":0},"end":{"line":36,"column":58}},"29":{"start":{"line":37,"column":0},"end":{"line":37,"column":52}},"30":{"start":{"line":38,"column":0},"end":{"line":38,"column":53}},"31":{"start":{"line":39,"column":0},"end":{"line":39,"column":55}},"32":{"start":{"line":41,"column":0},"end":{"line":41,"column":66}},"33":{"start":{"line":42,"column":0},"end":{"line":42,"column":56}},"34":{"start":{"line":43,"column":0},"end":{"line":43,"column":55}},"35":{"start":{"line":44,"column":0},"end":{"line":44,"column":58}}},"fnMap":{},"branchMap":{},"s":{"0":3,"1":3,"2":3,"3":3,"4":3,"5":3,"6":3,"7":3,"8":3,"9":3,"10":3,"11":3,"12":3,"13":3,"14":3,"15":3,"16":3,"17":3,"18":3,"19":3,"20":3,"21":3,"22":3,"23":3,"24":3,"25":3,"26":3,"27":3,"28":3,"29":3,"30":3,"31":3,"32":3,"33":3,"34":3,"35":3},"f":{},"b":{}}
,"C:\\Users\\Breno\\Desktop\\Arquivos Pessoais\\Projetos 2022+\\tasks_manager_api\\src\\server.ts": {"path":"C:\\Users\\Breno\\Desktop\\Arquivos Pessoais\\Projetos 2022+\\tasks_manager_api\\src\\server.ts","statementMap":{"0":{"start":{"line":1,"column":0},"end":{"line":1,"column":47}},"1":{"start":{"line":2,"column":0},"end":{"line":2,"column":34}},"2":{"start":{"line":3,"column":0},"end":{"line":3,"column":24}},"3":{"start":{"line":4,"column":0},"end":{"line":4,"column":58}},"4":{"start":{"line":5,"column":0},"end":{"line":5,"column":43}},"5":{"start":{"line":6,"column":0},"end":{"line":6,"column":41}},"6":{"start":{"line":8,"column":13},"end":{"line":8,"column":17}},"7":{"start":{"line":10,"column":28},"end":{"line":10,"column":37}},"8":{"start":{"line":11,"column":0},"end":{"line":11,"column":19}},"9":{"start":{"line":12,"column":0},"end":{"line":12,"column":27}},"10":{"start":{"line":13,"column":0},"end":{"line":13,"column":19}},"11":{"start":{"line":15,"column":0},"end":{"line":15,"column":76}},"12":{"start":{"line":17,"column":0},"end":{"line":17,"column":25}},"13":{"start":{"line":19,"column":0},"end":{"line":21,"column":null}},"14":{"start":{"line":20,"column":2},"end":{"line":20,"column":75}},"15":{"start":{"line":20,"column":28},"end":{"line":20,"column":73}},"16":{"start":{"line":23,"column":0},"end":{"line":23,"column":22}}},"fnMap":{"0":{"name":"(anonymous_1)","decl":{"start":{"line":20,"column":22},"end":{"line":20,"column":25}},"loc":{"start":{"line":20,"column":28},"end":{"line":20,"column":73}}}},"branchMap":{"0":{"loc":{"start":{"line":19,"column":0},"end":{"line":21,"column":null}},"type":"if","locations":[{"start":{"line":19,"column":0},"end":{"line":21,"column":null}}]}},"s":{"0":3,"1":3,"2":3,"3":3,"4":3,"5":3,"6":3,"7":3,"8":3,"9":3,"10":3,"11":3,"12":3,"13":3,"14":0,"15":0,"16":3},"f":{"0":0},"b":{"0":[0]}}
,"C:\\Users\\Breno\\Desktop\\Arquivos Pessoais\\Projetos 2022+\\tasks_manager_api\\src\\controllers\\CreateCategoryController.ts": {"path":"C:\\Users\\Breno\\Desktop\\Arquivos Pessoais\\Projetos 2022+\\tasks_manager_api\\src\\controllers\\CreateCategoryController.ts","statementMap":{"0":{"start":{"line":2,"column":0},"end":{"line":2,"column":56}},"1":{"start":{"line":7,"column":32},"end":{"line":7,"column":44}},"2":{"start":{"line":9,"column":4},"end":{"line":25,"column":null}},"3":{"start":{"line":10,"column":33},"end":{"line":19,"column":8}},"4":{"start":{"line":21,"column":6},"end":{"line":21,"column":49}},"5":{"start":{"line":24,"column":6},"end":{"line":24,"column":29}},"6":{"start":{"line":5,"column":0},"end":{"line":5,"column":13}}},"fnMap":{"0":{"name":"(anonymous_7)","decl":{"start":{"line":6,"column":8},"end":{"line":6,"column":14}},"loc":{"start":{"line":6,"column":51},"end":{"line":26,"column":null}}}},"branchMap":{},"s":{"0":3,"1":0,"2":0,"3":0,"4":0,"5":0,"6":3},"f":{"0":0},"b":{}}
,"C:\\Users\\Breno\\Desktop\\Arquivos Pessoais\\Projetos 2022+\\tasks_manager_api\\src\\controllers\\DeleteCategoryController.ts": {"path":"C:\\Users\\Breno\\Desktop\\Arquivos Pessoais\\Projetos 2022+\\tasks_manager_api\\src\\controllers\\DeleteCategoryController.ts","statementMap":{"0":{"start":{"line":2,"column":0},"end":{"line":2,"column":56}},"1":{"start":{"line":6,"column":19},"end":{"line":6,"column":32}},"2":{"start":{"line":8,"column":4},"end":{"line":21,"column":null}},"3":{"start":{"line":9,"column":6},"end":{"line":16,"column":9}},"4":{"start":{"line":18,"column":6},"end":{"line":18,"column":72}},"5":{"start":{"line":20,"column":6},"end":{"line":20,"column":21}},"6":{"start":{"line":4,"column":0},"end":{"line":4,"column":13}}},"fnMap":{"0":{"name":"(anonymous_7)","decl":{"start":{"line":5,"column":8},"end":{"line":5,"column":14}},"loc":{"start":{"line":5,"column":51},"end":{"line":22,"column":null}}}},"branchMap":{},"s":{"0":3,"1":0,"2":0,"3":0,"4":0,"5":0,"6":3},"f":{"0":0},"b":{}}
,"C:\\Users\\Breno\\Desktop\\Arquivos Pessoais\\Projetos 2022+\\tasks_manager_api\\src\\controllers\\DeleteProjectController.ts": {"path":"C:\\Users\\Breno\\Desktop\\Arquivos Pessoais\\Projetos 2022+\\tasks_manager_api\\src\\controllers\\DeleteProjectController.ts","statementMap":{"0":{"start":{"line":2,"column":0},"end":{"line":2,"column":56}},"1":{"start":{"line":6,"column":19},"end":{"line":6,"column":32}},"2":{"start":{"line":8,"column":4},"end":{"line":21,"column":null}},"3":{"start":{"line":9,"column":6},"end":{"line":16,"column":9}},"4":{"start":{"line":18,"column":6},"end":{"line":18,"column":72}},"5":{"start":{"line":20,"column":6},"end":{"line":20,"column":21}},"6":{"start":{"line":4,"column":0},"end":{"line":4,"column":13}}},"fnMap":{"0":{"name":"(anonymous_7)","decl":{"start":{"line":5,"column":8},"end":{"line":5,"column":14}},"loc":{"start":{"line":5,"column":51},"end":{"line":22,"column":null}}}},"branchMap":{},"s":{"0":3,"1":0,"2":0,"3":0,"4":0,"5":0,"6":3},"f":{"0":0},"b":{}}
,"C:\\Users\\Breno\\Desktop\\Arquivos Pessoais\\Projetos 2022+\\tasks_manager_api\\src\\controllers\\FindCategoriesByProjectIdController.ts": {"path":"C:\\Users\\Breno\\Desktop\\Arquivos Pessoais\\Projetos 2022+\\tasks_manager_api\\src\\controllers\\FindCategoriesByProjectIdController.ts","statementMap":{"0":{"start":{"line":2,"column":0},"end":{"line":2,"column":56}},"1":{"start":{"line":6,"column":26},"end":{"line":6,"column":39}},"2":{"start":{"line":8,"column":4},"end":{"line":8,"column":87}},"3":{"start":{"line":8,"column":20},"end":{"line":8,"column":87}},"4":{"start":{"line":10,"column":4},"end":{"line":27,"column":null}},"5":{"start":{"line":11,"column":34},"end":{"line":22,"column":8}},"6":{"start":{"line":24,"column":6},"end":{"line":24,"column":60}},"7":{"start":{"line":26,"column":6},"end":{"line":26,"column":26}},"8":{"start":{"line":4,"column":0},"end":{"line":4,"column":13}}},"fnMap":{"0":{"name":"(anonymous_7)","decl":{"start":{"line":5,"column":8},"end":{"line":5,"column":14}},"loc":{"start":{"line":5,"column":51},"end":{"line":28,"column":null}}}},"branchMap":{"0":{"loc":{"start":{"line":8,"column":4},"end":{"line":8,"column":87}},"type":"if","locations":[{"start":{"line":8,"column":4},"end":{"line":8,"column":87}}]}},"s":{"0":3,"1":0,"2":0,"3":0,"4":0,"5":0,"6":0,"7":0,"8":3},"f":{"0":0},"b":{"0":[0]}}
,"C:\\Users\\Breno\\Desktop\\Arquivos Pessoais\\Projetos 2022+\\tasks_manager_api\\src\\controllers\\FindProjectById.ts": {"path":"C:\\Users\\Breno\\Desktop\\Arquivos Pessoais\\Projetos 2022+\\tasks_manager_api\\src\\controllers\\FindProjectById.ts","statementMap":{"0":{"start":{"line":2,"column":0},"end":{"line":2,"column":56}},"1":{"start":{"line":6,"column":19},"end":{"line":6,"column":33}},"2":{"start":{"line":8,"column":4},"end":{"line":18,"column":null}},"3":{"start":{"line":9,"column":22},"end":{"line":13,"column":8}},"4":{"start":{"line":15,"column":6},"end":{"line":15,"column":41}},"5":{"start":{"line":17,"column":6},"end":{"line":17,"column":26}},"6":{"start":{"line":4,"column":0},"end":{"line":4,"column":13}}},"fnMap":{"0":{"name":"(anonymous_7)","decl":{"start":{"line":5,"column":8},"end":{"line":5,"column":14}},"loc":{"start":{"line":5,"column":51},"end":{"line":19,"column":null}}}},"branchMap":{},"s":{"0":3,"1":0,"2":0,"3":0,"4":0,"5":0,"6":3},"f":{"0":0},"b":{}}
,"C:\\Users\\Breno\\Desktop\\Arquivos Pessoais\\Projetos 2022+\\tasks_manager_api\\src\\controllers\\FindProjectsByUserId.ts": {"path":"C:\\Users\\Breno\\Desktop\\Arquivos Pessoais\\Projetos 2022+\\tasks_manager_api\\src\\controllers\\FindProjectsByUserId.ts","statementMap":{"0":{"start":{"line":2,"column":0},"end":{"line":2,"column":56}},"1":{"start":{"line":6,"column":31},"end":{"line":6,"column":43}},"2":{"start":{"line":8,"column":4},"end":{"line":22,"column":null}},"3":{"start":{"line":9,"column":23},"end":{"line":17,"column":8}},"4":{"start":{"line":19,"column":6},"end":{"line":19,"column":49}},"5":{"start":{"line":21,"column":6},"end":{"line":21,"column":26}},"6":{"start":{"line":4,"column":0},"end":{"line":4,"column":13}}},"fnMap":{"0":{"name":"(anonymous_7)","decl":{"start":{"line":5,"column":8},"end":{"line":5,"column":14}},"loc":{"start":{"line":5,"column":51},"end":{"line":23,"column":null}}}},"branchMap":{},"s":{"0":3,"1":0,"2":0,"3":0,"4":0,"5":0,"6":3},"f":{"0":0},"b":{}}
,"C:\\Users\\Breno\\Desktop\\Arquivos Pessoais\\Projetos 2022+\\tasks_manager_api\\src\\controllers\\UpdateCategoryController.ts": {"path":"C:\\Users\\Breno\\Desktop\\Arquivos Pessoais\\Projetos 2022+\\tasks_manager_api\\src\\controllers\\UpdateCategoryController.ts","statementMap":{"0":{"start":{"line":2,"column":0},"end":{"line":2,"column":56}},"1":{"start":{"line":6,"column":25},"end":{"line":6,"column":37}},"2":{"start":{"line":8,"column":4},"end":{"line":21,"column":null}},"3":{"start":{"line":9,"column":30},"end":{"line":16,"column":8}},"4":{"start":{"line":18,"column":6},"end":{"line":18,"column":56}},"5":{"start":{"line":20,"column":6},"end":{"line":20,"column":21}},"6":{"start":{"line":4,"column":0},"end":{"line":4,"column":13}}},"fnMap":{"0":{"name":"(anonymous_7)","decl":{"start":{"line":5,"column":8},"end":{"line":5,"column":14}},"loc":{"start":{"line":5,"column":51},"end":{"line":22,"column":null}}}},"branchMap":{},"s":{"0":3,"1":0,"2":0,"3":0,"4":0,"5":0,"6":3},"f":{"0":0},"b":{}}
,"C:\\Users\\Breno\\Desktop\\Arquivos Pessoais\\Projetos 2022+\\tasks_manager_api\\src\\controllers\\UpdateProjectController.ts": {"path":"C:\\Users\\Breno\\Desktop\\Arquivos Pessoais\\Projetos 2022+\\tasks_manager_api\\src\\controllers\\UpdateProjectController.ts","statementMap":{"0":{"start":{"line":2,"column":0},"end":{"line":2,"column":56}},"1":{"start":{"line":6,"column":31},"end":{"line":6,"column":43}},"2":{"start":{"line":8,"column":4},"end":{"line":22,"column":null}},"3":{"start":{"line":9,"column":22},"end":{"line":17,"column":8}},"4":{"start":{"line":19,"column":6},"end":{"line":19,"column":48}},"5":{"start":{"line":21,"column":6},"end":{"line":21,"column":21}},"6":{"start":{"line":4,"column":0},"end":{"line":4,"column":13}}},"fnMap":{"0":{"name":"(anonymous_7)","decl":{"start":{"line":5,"column":8},"end":{"line":5,"column":14}},"loc":{"start":{"line":5,"column":51},"end":{"line":23,"column":null}}}},"branchMap":{},"s":{"0":3,"1":0,"2":0,"3":0,"4":0,"5":0,"6":3},"f":{"0":0},"b":{}}
,"C:\\Users\\Breno\\Desktop\\Arquivos Pessoais\\Projetos 2022+\\tasks_manager_api\\src\\database\\prismaClient.ts": {"path":"C:\\Users\\Breno\\Desktop\\Arquivos Pessoais\\Projetos 2022+\\tasks_manager_api\\src\\database\\prismaClient.ts","statementMap":{"0":{"start":{"line":1,"column":0},"end":{"line":1,"column":46}},"1":{"start":{"line":3,"column":21},"end":{"line":3,"column":39}},"2":{"start":{"line":5,"column":9},"end":{"line":5,"column":21}}},"fnMap":{},"branchMap":{},"s":{"0":3,"1":3,"2":3},"f":{},"b":{}}
,"C:\\Users\\Breno\\Desktop\\Arquivos Pessoais\\Projetos 2022+\\tasks_manager_api\\src\\errors\\CustomError.ts": {"path":"C:\\Users\\Breno\\Desktop\\Arquivos Pessoais\\Projetos 2022+\\tasks_manager_api\\src\\errors\\CustomError.ts","statementMap":{"0":{"start":{"line":6,"column":4},"end":{"line":6,"column":19}},"1":{"start":{"line":7,"column":4},"end":{"line":7,"column":27}},"2":{"start":{"line":8,"column":4},"end":{"line":8,"column":29}},"3":{"start":{"line":1,"column":0},"end":{"line":1,"column":13}}},"fnMap":{"0":{"name":"(anonymous_0)","decl":{"start":{"line":5,"column":2},"end":{"line":5,"column":14}},"loc":{"start":{"line":5,"column":45},"end":{"line":9,"column":3}}}},"branchMap":{},"s":{"0":7,"1":7,"2":7,"3":3},"f":{"0":7},"b":{}}
,"C:\\Users\\Breno\\Desktop\\Arquivos Pessoais\\Projetos 2022+\\tasks_manager_api\\src\\errors\\InternalServerError.ts": {"path":"C:\\Users\\Breno\\Desktop\\Arquivos Pessoais\\Projetos 2022+\\tasks_manager_api\\src\\errors\\InternalServerError.ts","statementMap":{"0":{"start":{"line":6,"column":4},"end":{"line":6,"column":19}},"1":{"start":{"line":7,"column":4},"end":{"line":7,"column":27}},"2":{"start":{"line":8,"column":4},"end":{"line":8,"column":26}},"3":{"start":{"line":1,"column":0},"end":{"line":1,"column":13}}},"fnMap":{"0":{"name":"(anonymous_0)","decl":{"start":{"line":5,"column":2},"end":{"line":5,"column":14}},"loc":{"start":{"line":5,"column":29},"end":{"line":9,"column":3}}}},"branchMap":{},"s":{"0":0,"1":0,"2":0,"3":3},"f":{"0":0},"b":{}}
,"C:\\Users\\Breno\\Desktop\\Arquivos Pessoais\\Projetos 2022+\\tasks_manager_api\\src\\middlewares\\auth.ts": {"path":"C:\\Users\\Breno\\Desktop\\Arquivos Pessoais\\Projetos 2022+\\tasks_manager_api\\src\\middlewares\\auth.ts","statementMap":{"0":{"start":{"line":1,"column":0},"end":{"line":1,"column":47}},"1":{"start":{"line":5,"column":20},"end":{"line":17,"column":1}},"2":{"start":{"line":6,"column":16},"end":{"line":6,"column":48}},"3":{"start":{"line":8,"column":2},"end":{"line":8,"column":76}},"4":{"start":{"line":8,"column":14},"end":{"line":8,"column":76}},"5":{"start":{"line":10,"column":2},"end":{"line":15,"column":null}},"6":{"start":{"line":11,"column":41},"end":{"line":11,"column":110}},"7":{"start":{"line":12,"column":4},"end":{"line":12,"column":53}},"8":{"start":{"line":14,"column":4},"end":{"line":14,"column":66}},"9":{"start":{"line":16,"column":2},"end":{"line":16,"column":16}},"10":{"start":{"line":5,"column":13},"end":{"line":5,"column":20}}},"fnMap":{"0":{"name":"(anonymous_1)","decl":{"start":{"line":5,"column":20},"end":{"line":5,"column":21}},"loc":{"start":{"line":5,"column":81},"end":{"line":17,"column":1}}}},"branchMap":{"0":{"loc":{"start":{"line":8,"column":2},"end":{"line":8,"column":76}},"type":"if","locations":[{"start":{"line":8,"column":2},"end":{"line":8,"column":76}}]}},"s":{"0":3,"1":3,"2":8,"3":8,"4":2,"5":6,"6":6,"7":6,"8":0,"9":6,"10":3},"f":{"0":8},"b":{"0":[2]}}
,"C:\\Users\\Breno\\Desktop\\Arquivos Pessoais\\Projetos 2022+\\tasks_manager_api\\src\\middlewares\\errorHandler.ts": {"path":"C:\\Users\\Breno\\Desktop\\Arquivos Pessoais\\Projetos 2022+\\tasks_manager_api\\src\\middlewares\\errorHandler.ts","statementMap":{"0":{"start":{"line":3,"column":28},"end":{"line":12,"column":1}},"1":{"start":{"line":4,"column":2},"end":{"line":9,"column":null}},"2":{"start":{"line":5,"column":4},"end":{"line":8,"column":7}},"3":{"start":{"line":11,"column":2},"end":{"line":11,"column":21}},"4":{"start":{"line":3,"column":13},"end":{"line":3,"column":28}}},"fnMap":{"0":{"name":"(anonymous_0)","decl":{"start":{"line":3,"column":28},"end":{"line":3,"column":29}},"loc":{"start":{"line":3,"column":92},"end":{"line":12,"column":1}}}},"branchMap":{"0":{"loc":{"start":{"line":4,"column":2},"end":{"line":9,"column":null}},"type":"if","locations":[{"start":{"line":4,"column":2},"end":{"line":9,"column":null}}]},"1":{"loc":{"start":{"line":4,"column":5},"end":{"line":4,"column":30}},"type":"binary-expr","locations":[{"start":{"line":4,"column":5},"end":{"line":4,"column":10}},{"start":{"line":4,"column":14},"end":{"line":4,"column":30}}]}},"s":{"0":3,"1":7,"2":7,"3":7,"4":3},"f":{"0":7},"b":{"0":[7],"1":[7,7]}}
,"C:\\Users\\Breno\\Desktop\\Arquivos Pessoais\\Projetos 2022+\\tasks_manager_api\\src\\modules\\Account\\createAccount\\CreateAccountController.ts": {"path":"C:\\Users\\Breno\\Desktop\\Arquivos Pessoais\\Projetos 2022+\\tasks_manager_api\\src\\modules\\Account\\createAccount\\CreateAccountController.ts","statementMap":{"0":{"start":{"line":2,"column":0},"end":{"line":2,"column":61}},"1":{"start":{"line":3,"column":0},"end":{"line":3,"column":62}},"2":{"start":{"line":7,"column":38},"end":{"line":7,"column":50}},"3":{"start":{"line":9,"column":33},"end":{"line":9,"column":59}},"4":{"start":{"line":11,"column":20},"end":{"line":15,"column":6}},"5":{"start":{"line":17,"column":18},"end":{"line":17,"column":40}},"6":{"start":{"line":19,"column":4},"end":{"line":22,"column":7}},"7":{"start":{"line":5,"column":0},"end":{"line":5,"column":13}}},"fnMap":{"0":{"name":"(anonymous_7)","decl":{"start":{"line":6,"column":8},"end":{"line":6,"column":14}},"loc":{"start":{"line":6,"column":51},"end":{"line":23,"column":null}}}},"branchMap":{},"s":{"0":3,"1":3,"2":8,"3":8,"4":8,"5":3,"6":3,"7":3},"f":{"0":8},"b":{}}
,"C:\\Users\\Breno\\Desktop\\Arquivos Pessoais\\Projetos 2022+\\tasks_manager_api\\src\\modules\\Account\\createAccount\\CreateAccountUseCase.ts": {"path":"C:\\Users\\Breno\\Desktop\\Arquivos Pessoais\\Projetos 2022+\\tasks_manager_api\\src\\modules\\Account\\createAccount\\CreateAccountUseCase.ts","statementMap":{"0":{"start":{"line":1,"column":0},"end":{"line":1,"column":62}},"1":{"start":{"line":3,"column":0},"end":{"line":3,"column":30}},"2":{"start":{"line":5,"column":0},"end":{"line":5,"column":74}},"3":{"start":{"line":6,"column":0},"end":{"line":6,"column":63}},"4":{"start":{"line":7,"column":0},"end":{"line":7,"column":58}},"5":{"start":{"line":11,"column":38},"end":{"line":11,"column":45}},"6":{"start":{"line":13,"column":4},"end":{"line":13,"column":45}},"7":{"start":{"line":15,"column":24},"end":{"line":19,"column":6}},"8":{"start":{"line":21,"column":4},"end":{"line":23,"column":6}},"9":{"start":{"line":21,"column":21},"end":{"line":23,"column":6}},"10":{"start":{"line":25,"column":30},"end":{"line":25,"column":61}},"11":{"start":{"line":27,"column":32},"end":{"line":32,"column":6}},"12":{"start":{"line":34,"column":4},"end":{"line":36,"column":6}},"13":{"start":{"line":34,"column":20},"end":{"line":36,"column":6}},"14":{"start":{"line":38,"column":4},"end":{"line":38,"column":31}},"15":{"start":{"line":40,"column":4},"end":{"line":40,"column":22}},"16":{"start":{"line":9,"column":0},"end":{"line":9,"column":13}}},"fnMap":{"0":{"name":"(anonymous_8)","decl":{"start":{"line":10,"column":8},"end":{"line":10,"column":14}},"loc":{"start":{"line":10,"column":40},"end":{"line":41,"column":null}}}},"branchMap":{"0":{"loc":{"start":{"line":21,"column":4},"end":{"line":23,"column":6}},"type":"if","locations":[{"start":{"line":21,"column":4},"end":{"line":23,"column":6}}]},"1":{"loc":{"start":{"line":34,"column":4},"end":{"line":36,"column":6}},"type":"if","locations":[{"start":{"line":34,"column":4},"end":{"line":36,"column":6}}]}},"s":{"0":3,"1":3,"2":3,"3":3,"4":3,"5":8,"6":8,"7":4,"8":4,"9":1,"10":3,"11":3,"12":3,"13":0,"14":3,"15":3,"16":3},"f":{"0":8},"b":{"0":[1],"1":[0]}}
,"C:\\Users\\Breno\\Desktop\\Arquivos Pessoais\\Projetos 2022+\\tasks_manager_api\\src\\modules\\Account\\deleteAccount\\DeleteAccountController.ts": {"path":"C:\\Users\\Breno\\Desktop\\Arquivos Pessoais\\Projetos 2022+\\tasks_manager_api\\src\\modules\\Account\\deleteAccount\\DeleteAccountController.ts","statementMap":{"0":{"start":{"line":2,"column":0},"end":{"line":2,"column":63}},"1":{"start":{"line":3,"column":0},"end":{"line":3,"column":62}},"2":{"start":{"line":7,"column":19},"end":{"line":7,"column":33}},"3":{"start":{"line":9,"column":4},"end":{"line":9,"column":27}},"4":{"start":{"line":11,"column":33},"end":{"line":11,"column":59}},"5":{"start":{"line":13,"column":4},"end":{"line":13,"column":42}},"6":{"start":{"line":15,"column":4},"end":{"line":17,"column":7}},"7":{"start":{"line":5,"column":0},"end":{"line":5,"column":13}}},"fnMap":{"0":{"name":"(anonymous_7)","decl":{"start":{"line":6,"column":8},"end":{"line":6,"column":14}},"loc":{"start":{"line":6,"column":51},"end":{"line":18,"column":null}}}},"branchMap":{},"s":{"0":3,"1":3,"2":4,"3":4,"4":4,"5":4,"6":3,"7":3},"f":{"0":4},"b":{}}
,"C:\\Users\\Breno\\Desktop\\Arquivos Pessoais\\Projetos 2022+\\tasks_manager_api\\src\\modules\\Account\\deleteAccount\\DeleteAccountUseCase.ts": {"path":"C:\\Users\\Breno\\Desktop\\Arquivos Pessoais\\Projetos 2022+\\tasks_manager_api\\src\\modules\\Account\\deleteAccount\\DeleteAccountUseCase.ts","statementMap":{"0":{"start":{"line":2,"column":0},"end":{"line":2,"column":62}},"1":{"start":{"line":3,"column":0},"end":{"line":3,"column":58}},"2":{"start":{"line":4,"column":0},"end":{"line":4,"column":63}},"3":{"start":{"line":9,"column":4},"end":{"line":9,"column":27}},"4":{"start":{"line":11,"column":37},"end":{"line":15,"column":6}},"5":{"start":{"line":17,"column":4},"end":{"line":19,"column":null}},"6":{"start":{"line":18,"column":6},"end":{"line":18,"column":75}},"7":{"start":{"line":21,"column":27},"end":{"line":25,"column":6}},"8":{"start":{"line":27,"column":4},"end":{"line":27,"column":35}},"9":{"start":{"line":29,"column":4},"end":{"line":29,"column":26}},"10":{"start":{"line":6,"column":0},"end":{"line":6,"column":13}}},"fnMap":{"0":{"name":"(anonymous_7)","decl":{"start":{"line":7,"column":8},"end":{"line":7,"column":14}},"loc":{"start":{"line":7,"column":25},"end":{"line":30,"column":null}}}},"branchMap":{"0":{"loc":{"start":{"line":17,"column":4},"end":{"line":19,"column":null}},"type":"if","locations":[{"start":{"line":17,"column":4},"end":{"line":19,"column":null}}]}},"s":{"0":3,"1":3,"2":3,"3":4,"4":4,"5":4,"6":1,"7":3,"8":3,"9":3,"10":3},"f":{"0":4},"b":{"0":[1]}}
,"C:\\Users\\Breno\\Desktop\\Arquivos Pessoais\\Projetos 2022+\\tasks_manager_api\\src\\modules\\Account\\findAccountById\\FindAccountByIdController.ts": {"path":"C:\\Users\\Breno\\Desktop\\Arquivos Pessoais\\Projetos 2022+\\tasks_manager_api\\src\\modules\\Account\\findAccountById\\FindAccountByIdController.ts","statementMap":{"0":{"start":{"line":2,"column":0},"end":{"line":2,"column":58}},"1":{"start":{"line":3,"column":0},"end":{"line":3,"column":63}},"2":{"start":{"line":4,"column":0},"end":{"line":4,"column":66}},"3":{"start":{"line":8,"column":19},"end":{"line":8,"column":33}},"4":{"start":{"line":9,"column":31},"end":{"line":9,"column":43}},"5":{"start":{"line":10,"column":4},"end":{"line":10,"column":27}},"6":{"start":{"line":12,"column":35},"end":{"line":12,"column":63}},"7":{"start":{"line":14,"column":20},"end":{"line":14,"column":59}},"8":{"start":{"line":16,"column":4},"end":{"line":16,"column":66}},"9":{"start":{"line":16,"column":17},"end":{"line":16,"column":66}},"10":{"start":{"line":17,"column":4},"end":{"line":17,"column":93}},"11":{"start":{"line":17,"column":49},"end":{"line":17,"column":93}},"12":{"start":{"line":19,"column":4},"end":{"line":19,"column":46}},"13":{"start":{"line":6,"column":0},"end":{"line":6,"column":13}}},"fnMap":{"0":{"name":"(anonymous_7)","decl":{"start":{"line":7,"column":8},"end":{"line":7,"column":14}},"loc":{"start":{"line":7,"column":51},"end":{"line":20,"column":null}}}},"branchMap":{"0":{"loc":{"start":{"line":16,"column":4},"end":{"line":16,"column":66}},"type":"if","locations":[{"start":{"line":16,"column":4},"end":{"line":16,"column":66}}]},"1":{"loc":{"start":{"line":17,"column":4},"end":{"line":17,"column":93}},"type":"if","locations":[{"start":{"line":17,"column":4},"end":{"line":17,"column":93}}]}},"s":{"0":3,"1":3,"2":3,"3":2,"4":2,"5":2,"6":2,"7":2,"8":1,"9":0,"10":1,"11":0,"12":1,"13":3},"f":{"0":2},"b":{"0":[0],"1":[0]}}
,"C:\\Users\\Breno\\Desktop\\Arquivos Pessoais\\Projetos 2022+\\tasks_manager_api\\src\\modules\\Account\\findAccountById\\FindAccountByIdUseCase.ts": {"path":"C:\\Users\\Breno\\Desktop\\Arquivos Pessoais\\Projetos 2022+\\tasks_manager_api\\src\\modules\\Account\\findAccountById\\FindAccountByIdUseCase.ts","statementMap":{"0":{"start":{"line":1,"column":0},"end":{"line":1,"column":62}},"1":{"start":{"line":2,"column":0},"end":{"line":2,"column":58}},"2":{"start":{"line":6,"column":20},"end":{"line":10,"column":6}},"3":{"start":{"line":12,"column":4},"end":{"line":12,"column":81}},"4":{"start":{"line":12,"column":17},"end":{"line":12,"column":81}},"5":{"start":{"line":14,"column":4},"end":{"line":14,"column":28}},"6":{"start":{"line":16,"column":4},"end":{"line":16,"column":19}},"7":{"start":{"line":4,"column":0},"end":{"line":4,"column":13}}},"fnMap":{"0":{"name":"(anonymous_7)","decl":{"start":{"line":5,"column":8},"end":{"line":5,"column":14}},"loc":{"start":{"line":5,"column":25},"end":{"line":17,"column":null}}}},"branchMap":{"0":{"loc":{"start":{"line":12,"column":4},"end":{"line":12,"column":81}},"type":"if","locations":[{"start":{"line":12,"column":4},"end":{"line":12,"column":81}}]}},"s":{"0":3,"1":3,"2":2,"3":2,"4":1,"5":1,"6":1,"7":3},"f":{"0":2},"b":{"0":[1]}}
,"C:\\Users\\Breno\\Desktop\\Arquivos Pessoais\\Projetos 2022+\\tasks_manager_api\\src\\modules\\Authentication\\authenticate\\AuthenticateController.ts": {"path":"C:\\Users\\Breno\\Desktop\\Arquivos Pessoais\\Projetos 2022+\\tasks_manager_api\\src\\modules\\Authentication\\authenticate\\AuthenticateController.ts","statementMap":{"0":{"start":{"line":2,"column":0},"end":{"line":2,"column":61}},"1":{"start":{"line":3,"column":0},"end":{"line":3,"column":63}},"2":{"start":{"line":4,"column":0},"end":{"line":4,"column":60}},"3":{"start":{"line":8,"column":32},"end":{"line":8,"column":44}},"4":{"start":{"line":9,"column":4},"end":{"line":9,"column":40}},"5":{"start":{"line":11,"column":32},"end":{"line":11,"column":57}},"6":{"start":{"line":13,"column":20},"end":{"line":13,"column":73}},"7":{"start":{"line":15,"column":18},"end":{"line":15,"column":40}},"8":{"start":{"line":17,"column":4},"end":{"line":17,"column":57}},"9":{"start":{"line":6,"column":0},"end":{"line":6,"column":13}}},"fnMap":{"0":{"name":"(anonymous_7)","decl":{"start":{"line":7,"column":8},"end":{"line":7,"column":14}},"loc":{"start":{"line":7,"column":51},"end":{"line":18,"column":null}}}},"branchMap":{},"s":{"0":3,"1":3,"2":3,"3":0,"4":0,"5":0,"6":0,"7":0,"8":0,"9":3},"f":{"0":0},"b":{}}
,"C:\\Users\\Breno\\Desktop\\Arquivos Pessoais\\Projetos 2022+\\tasks_manager_api\\src\\modules\\Authentication\\authenticate\\AuthenticateUseCase.ts": {"path":"C:\\Users\\Breno\\Desktop\\Arquivos Pessoais\\Projetos 2022+\\tasks_manager_api\\src\\modules\\Authentication\\authenticate\\AuthenticateUseCase.ts","statementMap":{"0":{"start":{"line":1,"column":0},"end":{"line":1,"column":63}},"1":{"start":{"line":3,"column":0},"end":{"line":3,"column":62}},"2":{"start":{"line":4,"column":0},"end":{"line":4,"column":58}},"3":{"start":{"line":5,"column":0},"end":{"line":5,"column":30}},"4":{"start":{"line":9,"column":32},"end":{"line":9,"column":36}},"5":{"start":{"line":11,"column":4},"end":{"line":11,"column":40}},"6":{"start":{"line":13,"column":20},"end":{"line":17,"column":6}},"7":{"start":{"line":19,"column":4},"end":{"line":19,"column":79}},"8":{"start":{"line":19,"column":17},"end":{"line":19,"column":79}},"9":{"start":{"line":21,"column":27},"end":{"line":21,"column":32}},"10":{"start":{"line":23,"column":4},"end":{"line":23,"column":72}},"11":{"start":{"line":24,"column":4},"end":{"line":24,"column":28}},"12":{"start":{"line":26,"column":4},"end":{"line":26,"column":88}},"13":{"start":{"line":26,"column":26},"end":{"line":26,"column":88}},"14":{"start":{"line":28,"column":4},"end":{"line":28,"column":19}},"15":{"start":{"line":7,"column":0},"end":{"line":7,"column":13}}},"fnMap":{"0":{"name":"(anonymous_8)","decl":{"start":{"line":8,"column":8},"end":{"line":8,"column":14}},"loc":{"start":{"line":8,"column":36},"end":{"line":29,"column":null}}}},"branchMap":{"0":{"loc":{"start":{"line":19,"column":4},"end":{"line":19,"column":79}},"type":"if","locations":[{"start":{"line":19,"column":4},"end":{"line":19,"column":79}}]},"1":{"loc":{"start":{"line":26,"column":4},"end":{"line":26,"column":88}},"type":"if","locations":[{"start":{"line":26,"column":4},"end":{"line":26,"column":88}}]}},"s":{"0":3,"1":3,"2":3,"3":3,"4":0,"5":0,"6":0,"7":0,"8":0,"9":0,"10":0,"11":0,"12":0,"13":0,"14":0,"15":3},"f":{"0":0},"b":{"0":[0],"1":[0]}}
,"C:\\Users\\Breno\\Desktop\\Arquivos Pessoais\\Projetos 2022+\\tasks_manager_api\\src\\modules\\Project\\createProject\\CreateProjectController.ts": {"path":"C:\\Users\\Breno\\Desktop\\Arquivos Pessoais\\Projetos 2022+\\tasks_manager_api\\src\\modules\\Project\\createProject\\CreateProjectController.ts","statementMap":{"0":{"start":{"line":2,"column":0},"end":{"line":2,"column":63}},"1":{"start":{"line":3,"column":0},"end":{"line":3,"column":62}},"2":{"start":{"line":4,"column":0},"end":{"line":4,"column":74}},"3":{"start":{"line":12,"column":8},"end":{"line":12,"column":20}},"4":{"start":{"line":14,"column":4},"end":{"line":14,"column":51}},"5":{"start":{"line":16,"column":25},"end":{"line":16,"column":51}},"6":{"start":{"line":18,"column":20},"end":{"line":18,"column":77}},"7":{"start":{"line":20,"column":4},"end":{"line":20,"column":72}},"8":{"start":{"line":20,"column":17},"end":{"line":20,"column":72}},"9":{"start":{"line":22,"column":4},"end":{"line":22,"column":38}},"10":{"start":{"line":6,"column":0},"end":{"line":6,"column":13}}},"fnMap":{"0":{"name":"(anonymous_7)","decl":{"start":{"line":7,"column":8},"end":{"line":7,"column":14}},"loc":{"start":{"line":7,"column":51},"end":{"line":23,"column":null}}}},"branchMap":{"0":{"loc":{"start":{"line":20,"column":4},"end":{"line":20,"column":72}},"type":"if","locations":[{"start":{"line":20,"column":4},"end":{"line":20,"column":72}}]}},"s":{"0":3,"1":3,"2":3,"3":0,"4":0,"5":0,"6":0,"7":0,"8":0,"9":0,"10":3},"f":{"0":0},"b":{"0":[0]}}
,"C:\\Users\\Breno\\Desktop\\Arquivos Pessoais\\Projetos 2022+\\tasks_manager_api\\src\\modules\\Project\\createProject\\CreateProjectUseCase.ts": {"path":"C:\\Users\\Breno\\Desktop\\Arquivos Pessoais\\Projetos 2022+\\tasks_manager_api\\src\\modules\\Project\\createProject\\CreateProjectUseCase.ts","statementMap":{"0":{"start":{"line":1,"column":0},"end":{"line":1,"column":62}},"1":{"start":{"line":7,"column":43},"end":{"line":7,"column":57}},"2":{"start":{"line":9,"column":29},"end":{"line":19,"column":6}},"3":{"start":{"line":21,"column":4},"end":{"line":21,"column":19}},"4":{"start":{"line":5,"column":0},"end":{"line":5,"column":13}}},"fnMap":{"0":{"name":"(anonymous_7)","decl":{"start":{"line":6,"column":8},"end":{"line":6,"column":14}},"loc":{"start":{"line":6,"column":47},"end":{"line":22,"column":null}}}},"branchMap":{},"s":{"0":3,"1":0,"2":0,"3":0,"4":3},"f":{"0":0},"b":{}}
,"C:\\Users\\Breno\\Desktop\\Arquivos Pessoais\\Projetos 2022+\\tasks_manager_api\\src\\routes\\account.routes.ts": {"path":"C:\\Users\\Breno\\Desktop\\Arquivos Pessoais\\Projetos 2022+\\tasks_manager_api\\src\\routes\\account.routes.ts","statementMap":{"0":{"start":{"line":1,"column":0},"end":{"line":1,"column":33}},"1":{"start":{"line":3,"column":0},"end":{"line":3,"column":99}},"2":{"start":{"line":4,"column":0},"end":{"line":4,"column":105}},"3":{"start":{"line":5,"column":0},"end":{"line":5,"column":99}},"4":{"start":{"line":7,"column":0},"end":{"line":7,"column":54}},"5":{"start":{"line":9,"column":0},"end":{"line":9,"column":43}},"6":{"start":{"line":11,"column":22},"end":{"line":11,"column":30}},"7":{"start":{"line":21,"column":9},"end":{"line":21,"column":22}},"8":{"start":{"line":13,"column":22},"end":{"line":13,"column":51}},"9":{"start":{"line":14,"column":24},"end":{"line":14,"column":55}},"10":{"start":{"line":15,"column":22},"end":{"line":15,"column":51}},"11":{"start":{"line":17,"column":0},"end":{"line":17,"column":60}},"12":{"start":{"line":18,"column":0},"end":{"line":18,"column":70}},"13":{"start":{"line":19,"column":0},"end":{"line":19,"column":71}}},"fnMap":{},"branchMap":{},"s":{"0":3,"1":3,"2":3,"3":3,"4":3,"5":3,"6":3,"7":3,"8":3,"9":3,"10":3,"11":3,"12":3,"13":3},"f":{},"b":{}}
,"C:\\Users\\Breno\\Desktop\\Arquivos Pessoais\\Projetos 2022+\\tasks_manager_api\\src\\utils\\generateToken.ts": {"path":"C:\\Users\\Breno\\Desktop\\Arquivos Pessoais\\Projetos 2022+\\tasks_manager_api\\src\\utils\\generateToken.ts","statementMap":{"0":{"start":{"line":1,"column":0},"end":{"line":1,"column":31}},"1":{"start":{"line":4,"column":29},"end":{"line":6,"column":1}},"2":{"start":{"line":5,"column":2},"end":{"line":5,"column":69}},"3":{"start":{"line":4,"column":13},"end":{"line":4,"column":29}}},"fnMap":{"0":{"name":"(anonymous_1)","decl":{"start":{"line":4,"column":29},"end":{"line":4,"column":30}},"loc":{"start":{"line":4,"column":50},"end":{"line":6,"column":1}}}},"branchMap":{},"s":{"0":3,"1":3,"2":3,"3":3},"f":{"0":3},"b":{}}
,"C:\\Users\\Breno\\Desktop\\Arquivos Pessoais\\Projetos 2022+\\tasks_manager_api\\src\\utils\\requiredFields.ts": {"path":"C:\\Users\\Breno\\Desktop\\Arquivos Pessoais\\Projetos 2022+\\tasks_manager_api\\src\\utils\\requiredFields.ts","statementMap":{"0":{"start":{"line":1,"column":0},"end":{"line":1,"column":52}},"1":{"start":{"line":3,"column":30},"end":{"line":9,"column":1}},"2":{"start":{"line":4,"column":2},"end":{"line":8,"column":5}},"3":{"start":{"line":5,"column":4},"end":{"line":7,"column":null}},"4":{"start":{"line":6,"column":6},"end":{"line":6,"column":67}},"5":{"start":{"line":3,"column":13},"end":{"line":3,"column":30}}},"fnMap":{"0":{"name":"(anonymous_0)","decl":{"start":{"line":3,"column":30},"end":{"line":3,"column":31}},"loc":{"start":{"line":3,"column":44},"end":{"line":9,"column":1}}},"1":{"name":"(anonymous_1)","decl":{"start":{"line":4,"column":24},"end":{"line":4,"column":25}},"loc":{"start":{"line":4,"column":32},"end":{"line":8,"column":3}}}},"branchMap":{"0":{"loc":{"start":{"line":5,"column":4},"end":{"line":7,"column":null}},"type":"if","locations":[{"start":{"line":5,"column":4},"end":{"line":7,"column":null}}]}},"s":{"0":3,"1":3,"2":18,"3":29,"4":4,"5":3},"f":{"0":18,"1":29},"b":{"0":[4]}}
,"C:\\Users\\Breno\\Desktop\\Arquivos Pessoais\\Projetos 2022+\\tasks_manager_api\\src\\utils\\routerAdapter.ts": {"path":"C:\\Users\\Breno\\Desktop\\Arquivos Pessoais\\Projetos 2022+\\tasks_manager_api\\src\\utils\\routerAdapter.ts","statementMap":{"0":{"start":{"line":3,"column":28},"end":{"line":8,"column":1}},"1":{"start":{"line":4,"column":2},"end":{"line":7,"column":4}},"2":{"start":{"line":5,"column":4},"end":{"line":6,"column":27}},"3":{"start":{"line":6,"column":18},"end":{"line":6,"column":25}},"4":{"start":{"line":3,"column":13},"end":{"line":3,"column":28}}},"fnMap":{"0":{"name":"(anonymous_0)","decl":{"start":{"line":3,"column":28},"end":{"line":3,"column":29}},"loc":{"start":{"line":3,"column":49},"end":{"line":8,"column":1}}},"1":{"name":"(anonymous_1)","decl":{"start":{"line":4,"column":9},"end":{"line":4,"column":10}},"loc":{"start":{"line":4,"column":61},"end":{"line":7,"column":3}}},"2":{"name":"(anonymous_2)","decl":{"start":{"line":6,"column":13},"end":{"line":6,"column":14}},"loc":{"start":{"line":6,"column":18},"end":{"line":6,"column":25}}}},"branchMap":{},"s":{"0":3,"1":9,"2":14,"3":7,"4":3},"f":{"0":9,"1":14,"2":7},"b":{}}
}
