{"C:\\Users\\Breno\\Desktop\\Arquivos Pessoais\\Projetos 2022+\\tasks_manager_api\\src\\routes.ts": {"path":"C:\\Users\\Breno\\Desktop\\Arquivos Pessoais\\Projetos 2022+\\tasks_manager_api\\src\\routes.ts","statementMap":{"0":{"start":{"line":1,"column":0},"end":{"line":1,"column":33}},"1":{"start":{"line":2,"column":0},"end":{"line":2,"column":42}},"2":{"start":{"line":3,"column":0},"end":{"line":3,"column":82}},"3":{"start":{"line":4,"column":0},"end":{"line":4,"column":98}},"4":{"start":{"line":5,"column":0},"end":{"line":5,"column":74}},"5":{"start":{"line":6,"column":0},"end":{"line":6,"column":80}},"6":{"start":{"line":7,"column":0},"end":{"line":7,"column":64}},"7":{"start":{"line":8,"column":0},"end":{"line":8,"column":104}},"8":{"start":{"line":9,"column":0},"end":{"line":9,"column":82}},"9":{"start":{"line":10,"column":0},"end":{"line":10,"column":82}},"10":{"start":{"line":11,"column":0},"end":{"line":11,"column":80}},"11":{"start":{"line":13,"column":0},"end":{"line":13,"column":56}},"12":{"start":{"line":14,"column":0},"end":{"line":14,"column":69}},"13":{"start":{"line":16,"column":15},"end":{"line":16,"column":23}},"14":{"start":{"line":44,"column":9},"end":{"line":44,"column":15}},"15":{"start":{"line":18,"column":22},"end":{"line":18,"column":51}},"16":{"start":{"line":19,"column":24},"end":{"line":19,"column":45}},"17":{"start":{"line":20,"column":27},"end":{"line":20,"column":53}},"18":{"start":{"line":21,"column":22},"end":{"line":21,"column":51}},"19":{"start":{"line":22,"column":22},"end":{"line":22,"column":51}},"20":{"start":{"line":24,"column":34},"end":{"line":24,"column":75}},"21":{"start":{"line":25,"column":23},"end":{"line":25,"column":53}},"22":{"start":{"line":26,"column":23},"end":{"line":26,"column":53}},"23":{"start":{"line":27,"column":23},"end":{"line":27,"column":53}},"24":{"start":{"line":29,"column":0},"end":{"line":29,"column":39}},"25":{"start":{"line":30,"column":0},"end":{"line":30,"column":50}},"26":{"start":{"line":32,"column":0},"end":{"line":32,"column":57}},"27":{"start":{"line":33,"column":0},"end":{"line":33,"column":58}},"28":{"start":{"line":34,"column":0},"end":{"line":34,"column":52}},"29":{"start":{"line":35,"column":0},"end":{"line":35,"column":53}},"30":{"start":{"line":36,"column":0},"end":{"line":36,"column":55}},"31":{"start":{"line":38,"column":0},"end":{"line":38,"column":66}},"32":{"start":{"line":39,"column":0},"end":{"line":39,"column":56}},"33":{"start":{"line":40,"column":0},"end":{"line":40,"column":55}},"34":{"start":{"line":41,"column":0},"end":{"line":41,"column":58}}},"fnMap":{},"branchMap":{},"s":{"0":4,"1":4,"2":4,"3":4,"4":4,"5":4,"6":4,"7":4,"8":4,"9":4,"10":4,"11":4,"12":4,"13":4,"14":4,"15":4,"16":4,"17":4,"18":4,"19":4,"20":4,"21":4,"22":4,"23":4,"24":4,"25":4,"26":4,"27":4,"28":4,"29":4,"30":4,"31":4,"32":4,"33":4,"34":4},"f":{},"b":{}}
,"C:\\Users\\Breno\\Desktop\\Arquivos Pessoais\\Projetos 2022+\\tasks_manager_api\\src\\server.ts": {"path":"C:\\Users\\Breno\\Desktop\\Arquivos Pessoais\\Projetos 2022+\\tasks_manager_api\\src\\server.ts","statementMap":{"0":{"start":{"line":1,"column":0},"end":{"line":1,"column":47}},"1":{"start":{"line":2,"column":0},"end":{"line":2,"column":34}},"2":{"start":{"line":3,"column":0},"end":{"line":3,"column":24}},"3":{"start":{"line":4,"column":0},"end":{"line":4,"column":58}},"4":{"start":{"line":5,"column":0},"end":{"line":5,"column":43}},"5":{"start":{"line":6,"column":0},"end":{"line":6,"column":41}},"6":{"start":{"line":8,"column":13},"end":{"line":8,"column":17}},"7":{"start":{"line":10,"column":28},"end":{"line":10,"column":37}},"8":{"start":{"line":11,"column":0},"end":{"line":11,"column":19}},"9":{"start":{"line":12,"column":0},"end":{"line":12,"column":27}},"10":{"start":{"line":13,"column":0},"end":{"line":13,"column":19}},"11":{"start":{"line":15,"column":0},"end":{"line":15,"column":76}},"12":{"start":{"line":17,"column":0},"end":{"line":17,"column":25}},"13":{"start":{"line":19,"column":0},"end":{"line":21,"column":null}},"14":{"start":{"line":20,"column":2},"end":{"line":20,"column":75}},"15":{"start":{"line":20,"column":28},"end":{"line":20,"column":73}},"16":{"start":{"line":23,"column":0},"end":{"line":23,"column":22}}},"fnMap":{"0":{"name":"(anonymous_1)","decl":{"start":{"line":20,"column":22},"end":{"line":20,"column":25}},"loc":{"start":{"line":20,"column":28},"end":{"line":20,"column":73}}}},"branchMap":{"0":{"loc":{"start":{"line":19,"column":0},"end":{"line":21,"column":null}},"type":"if","locations":[{"start":{"line":19,"column":0},"end":{"line":21,"column":null}}]}},"s":{"0":4,"1":4,"2":4,"3":4,"4":4,"5":4,"6":4,"7":4,"8":4,"9":4,"10":4,"11":4,"12":4,"13":4,"14":0,"15":0,"16":4},"f":{"0":0},"b":{"0":[0]}}
,"C:\\Users\\Breno\\Desktop\\Arquivos Pessoais\\Projetos 2022+\\tasks_manager_api\\src\\controllers\\CreateCategoryController.ts": {"path":"C:\\Users\\Breno\\Desktop\\Arquivos Pessoais\\Projetos 2022+\\tasks_manager_api\\src\\controllers\\CreateCategoryController.ts","statementMap":{"0":{"start":{"line":2,"column":0},"end":{"line":2,"column":56}},"1":{"start":{"line":7,"column":32},"end":{"line":7,"column":44}},"2":{"start":{"line":9,"column":4},"end":{"line":25,"column":null}},"3":{"start":{"line":10,"column":33},"end":{"line":19,"column":8}},"4":{"start":{"line":21,"column":6},"end":{"line":21,"column":49}},"5":{"start":{"line":24,"column":6},"end":{"line":24,"column":29}},"6":{"start":{"line":5,"column":0},"end":{"line":5,"column":13}}},"fnMap":{"0":{"name":"(anonymous_7)","decl":{"start":{"line":6,"column":8},"end":{"line":6,"column":14}},"loc":{"start":{"line":6,"column":51},"end":{"line":26,"column":null}}}},"branchMap":{},"s":{"0":4,"1":0,"2":0,"3":0,"4":0,"5":0,"6":4},"f":{"0":0},"b":{}}
,"C:\\Users\\Breno\\Desktop\\Arquivos Pessoais\\Projetos 2022+\\tasks_manager_api\\src\\controllers\\DeleteCategoryController.ts": {"path":"C:\\Users\\Breno\\Desktop\\Arquivos Pessoais\\Projetos 2022+\\tasks_manager_api\\src\\controllers\\DeleteCategoryController.ts","statementMap":{"0":{"start":{"line":2,"column":0},"end":{"line":2,"column":56}},"1":{"start":{"line":6,"column":19},"end":{"line":6,"column":32}},"2":{"start":{"line":8,"column":4},"end":{"line":21,"column":null}},"3":{"start":{"line":9,"column":6},"end":{"line":16,"column":9}},"4":{"start":{"line":18,"column":6},"end":{"line":18,"column":72}},"5":{"start":{"line":20,"column":6},"end":{"line":20,"column":21}},"6":{"start":{"line":4,"column":0},"end":{"line":4,"column":13}}},"fnMap":{"0":{"name":"(anonymous_7)","decl":{"start":{"line":5,"column":8},"end":{"line":5,"column":14}},"loc":{"start":{"line":5,"column":51},"end":{"line":22,"column":null}}}},"branchMap":{},"s":{"0":4,"1":0,"2":0,"3":0,"4":0,"5":0,"6":4},"f":{"0":0},"b":{}}
,"C:\\Users\\Breno\\Desktop\\Arquivos Pessoais\\Projetos 2022+\\tasks_manager_api\\src\\controllers\\DeleteProjectController.ts": {"path":"C:\\Users\\Breno\\Desktop\\Arquivos Pessoais\\Projetos 2022+\\tasks_manager_api\\src\\controllers\\DeleteProjectController.ts","statementMap":{"0":{"start":{"line":2,"column":0},"end":{"line":2,"column":56}},"1":{"start":{"line":6,"column":19},"end":{"line":6,"column":32}},"2":{"start":{"line":8,"column":4},"end":{"line":21,"column":null}},"3":{"start":{"line":9,"column":6},"end":{"line":16,"column":9}},"4":{"start":{"line":18,"column":6},"end":{"line":18,"column":72}},"5":{"start":{"line":20,"column":6},"end":{"line":20,"column":21}},"6":{"start":{"line":4,"column":0},"end":{"line":4,"column":13}}},"fnMap":{"0":{"name":"(anonymous_7)","decl":{"start":{"line":5,"column":8},"end":{"line":5,"column":14}},"loc":{"start":{"line":5,"column":51},"end":{"line":22,"column":null}}}},"branchMap":{},"s":{"0":4,"1":0,"2":0,"3":0,"4":0,"5":0,"6":4},"f":{"0":0},"b":{}}
,"C:\\Users\\Breno\\Desktop\\Arquivos Pessoais\\Projetos 2022+\\tasks_manager_api\\src\\controllers\\FindCategoriesByProjectIdController.ts": {"path":"C:\\Users\\Breno\\Desktop\\Arquivos Pessoais\\Projetos 2022+\\tasks_manager_api\\src\\controllers\\FindCategoriesByProjectIdController.ts","statementMap":{"0":{"start":{"line":2,"column":0},"end":{"line":2,"column":56}},"1":{"start":{"line":6,"column":26},"end":{"line":6,"column":39}},"2":{"start":{"line":8,"column":4},"end":{"line":8,"column":87}},"3":{"start":{"line":8,"column":20},"end":{"line":8,"column":87}},"4":{"start":{"line":10,"column":4},"end":{"line":27,"column":null}},"5":{"start":{"line":11,"column":34},"end":{"line":22,"column":8}},"6":{"start":{"line":24,"column":6},"end":{"line":24,"column":60}},"7":{"start":{"line":26,"column":6},"end":{"line":26,"column":26}},"8":{"start":{"line":4,"column":0},"end":{"line":4,"column":13}}},"fnMap":{"0":{"name":"(anonymous_7)","decl":{"start":{"line":5,"column":8},"end":{"line":5,"column":14}},"loc":{"start":{"line":5,"column":51},"end":{"line":28,"column":null}}}},"branchMap":{"0":{"loc":{"start":{"line":8,"column":4},"end":{"line":8,"column":87}},"type":"if","locations":[{"start":{"line":8,"column":4},"end":{"line":8,"column":87}}]}},"s":{"0":4,"1":0,"2":0,"3":0,"4":0,"5":0,"6":0,"7":0,"8":4},"f":{"0":0},"b":{"0":[0]}}
,"C:\\Users\\Breno\\Desktop\\Arquivos Pessoais\\Projetos 2022+\\tasks_manager_api\\src\\controllers\\FindProjectById.ts": {"path":"C:\\Users\\Breno\\Desktop\\Arquivos Pessoais\\Projetos 2022+\\tasks_manager_api\\src\\controllers\\FindProjectById.ts","statementMap":{"0":{"start":{"line":2,"column":0},"end":{"line":2,"column":56}},"1":{"start":{"line":6,"column":19},"end":{"line":6,"column":33}},"2":{"start":{"line":8,"column":4},"end":{"line":18,"column":null}},"3":{"start":{"line":9,"column":22},"end":{"line":13,"column":8}},"4":{"start":{"line":15,"column":6},"end":{"line":15,"column":41}},"5":{"start":{"line":17,"column":6},"end":{"line":17,"column":26}},"6":{"start":{"line":4,"column":0},"end":{"line":4,"column":13}}},"fnMap":{"0":{"name":"(anonymous_7)","decl":{"start":{"line":5,"column":8},"end":{"line":5,"column":14}},"loc":{"start":{"line":5,"column":51},"end":{"line":19,"column":null}}}},"branchMap":{},"s":{"0":4,"1":0,"2":0,"3":0,"4":0,"5":0,"6":4},"f":{"0":0},"b":{}}
,"C:\\Users\\Breno\\Desktop\\Arquivos Pessoais\\Projetos 2022+\\tasks_manager_api\\src\\controllers\\FindProjectsByUserId.ts": {"path":"C:\\Users\\Breno\\Desktop\\Arquivos Pessoais\\Projetos 2022+\\tasks_manager_api\\src\\controllers\\FindProjectsByUserId.ts","statementMap":{"0":{"start":{"line":2,"column":0},"end":{"line":2,"column":56}},"1":{"start":{"line":6,"column":31},"end":{"line":6,"column":43}},"2":{"start":{"line":8,"column":4},"end":{"line":22,"column":null}},"3":{"start":{"line":9,"column":23},"end":{"line":17,"column":8}},"4":{"start":{"line":19,"column":6},"end":{"line":19,"column":49}},"5":{"start":{"line":21,"column":6},"end":{"line":21,"column":26}},"6":{"start":{"line":4,"column":0},"end":{"line":4,"column":13}}},"fnMap":{"0":{"name":"(anonymous_7)","decl":{"start":{"line":5,"column":8},"end":{"line":5,"column":14}},"loc":{"start":{"line":5,"column":51},"end":{"line":23,"column":null}}}},"branchMap":{},"s":{"0":4,"1":0,"2":0,"3":0,"4":0,"5":0,"6":4},"f":{"0":0},"b":{}}
,"C:\\Users\\Breno\\Desktop\\Arquivos Pessoais\\Projetos 2022+\\tasks_manager_api\\src\\controllers\\UpdateCategoryController.ts": {"path":"C:\\Users\\Breno\\Desktop\\Arquivos Pessoais\\Projetos 2022+\\tasks_manager_api\\src\\controllers\\UpdateCategoryController.ts","statementMap":{"0":{"start":{"line":2,"column":0},"end":{"line":2,"column":56}},"1":{"start":{"line":6,"column":25},"end":{"line":6,"column":37}},"2":{"start":{"line":8,"column":4},"end":{"line":21,"column":null}},"3":{"start":{"line":9,"column":30},"end":{"line":16,"column":8}},"4":{"start":{"line":18,"column":6},"end":{"line":18,"column":56}},"5":{"start":{"line":20,"column":6},"end":{"line":20,"column":21}},"6":{"start":{"line":4,"column":0},"end":{"line":4,"column":13}}},"fnMap":{"0":{"name":"(anonymous_7)","decl":{"start":{"line":5,"column":8},"end":{"line":5,"column":14}},"loc":{"start":{"line":5,"column":51},"end":{"line":22,"column":null}}}},"branchMap":{},"s":{"0":4,"1":0,"2":0,"3":0,"4":0,"5":0,"6":4},"f":{"0":0},"b":{}}
,"C:\\Users\\Breno\\Desktop\\Arquivos Pessoais\\Projetos 2022+\\tasks_manager_api\\src\\controllers\\UpdateProjectController.ts": {"path":"C:\\Users\\Breno\\Desktop\\Arquivos Pessoais\\Projetos 2022+\\tasks_manager_api\\src\\controllers\\UpdateProjectController.ts","statementMap":{"0":{"start":{"line":2,"column":0},"end":{"line":2,"column":56}},"1":{"start":{"line":6,"column":31},"end":{"line":6,"column":43}},"2":{"start":{"line":8,"column":4},"end":{"line":22,"column":null}},"3":{"start":{"line":9,"column":22},"end":{"line":17,"column":8}},"4":{"start":{"line":19,"column":6},"end":{"line":19,"column":48}},"5":{"start":{"line":21,"column":6},"end":{"line":21,"column":21}},"6":{"start":{"line":4,"column":0},"end":{"line":4,"column":13}}},"fnMap":{"0":{"name":"(anonymous_7)","decl":{"start":{"line":5,"column":8},"end":{"line":5,"column":14}},"loc":{"start":{"line":5,"column":51},"end":{"line":23,"column":null}}}},"branchMap":{},"s":{"0":4,"1":0,"2":0,"3":0,"4":0,"5":0,"6":4},"f":{"0":0},"b":{}}
,"C:\\Users\\Breno\\Desktop\\Arquivos Pessoais\\Projetos 2022+\\tasks_manager_api\\src\\database\\prismaClient.ts": {"path":"C:\\Users\\Breno\\Desktop\\Arquivos Pessoais\\Projetos 2022+\\tasks_manager_api\\src\\database\\prismaClient.ts","statementMap":{"0":{"start":{"line":1,"column":0},"end":{"line":1,"column":46}},"1":{"start":{"line":3,"column":21},"end":{"line":3,"column":39}},"2":{"start":{"line":5,"column":9},"end":{"line":5,"column":21}}},"fnMap":{},"branchMap":{},"s":{"0":4,"1":4,"2":4},"f":{},"b":{}}
,"C:\\Users\\Breno\\Desktop\\Arquivos Pessoais\\Projetos 2022+\\tasks_manager_api\\src\\errors\\CustomError.ts": {"path":"C:\\Users\\Breno\\Desktop\\Arquivos Pessoais\\Projetos 2022+\\tasks_manager_api\\src\\errors\\CustomError.ts","statementMap":{"0":{"start":{"line":6,"column":4},"end":{"line":6,"column":19}},"1":{"start":{"line":7,"column":4},"end":{"line":7,"column":27}},"2":{"start":{"line":8,"column":4},"end":{"line":8,"column":29}},"3":{"start":{"line":1,"column":0},"end":{"line":1,"column":13}}},"fnMap":{"0":{"name":"(anonymous_0)","decl":{"start":{"line":5,"column":2},"end":{"line":5,"column":14}},"loc":{"start":{"line":5,"column":45},"end":{"line":9,"column":3}}}},"branchMap":{},"s":{"0":12,"1":12,"2":12,"3":4},"f":{"0":12},"b":{}}
,"C:\\Users\\Breno\\Desktop\\Arquivos Pessoais\\Projetos 2022+\\tasks_manager_api\\src\\errors\\InternalServerError.ts": {"path":"C:\\Users\\Breno\\Desktop\\Arquivos Pessoais\\Projetos 2022+\\tasks_manager_api\\src\\errors\\InternalServerError.ts","statementMap":{"0":{"start":{"line":6,"column":4},"end":{"line":6,"column":19}},"1":{"start":{"line":7,"column":4},"end":{"line":7,"column":27}},"2":{"start":{"line":8,"column":4},"end":{"line":8,"column":26}},"3":{"start":{"line":1,"column":0},"end":{"line":1,"column":13}}},"fnMap":{"0":{"name":"(anonymous_0)","decl":{"start":{"line":5,"column":2},"end":{"line":5,"column":14}},"loc":{"start":{"line":5,"column":29},"end":{"line":9,"column":3}}}},"branchMap":{},"s":{"0":0,"1":0,"2":0,"3":4},"f":{"0":0},"b":{}}
,"C:\\Users\\Breno\\Desktop\\Arquivos Pessoais\\Projetos 2022+\\tasks_manager_api\\src\\middlewares\\auth.ts": {"path":"C:\\Users\\Breno\\Desktop\\Arquivos Pessoais\\Projetos 2022+\\tasks_manager_api\\src\\middlewares\\auth.ts","statementMap":{"0":{"start":{"line":1,"column":0},"end":{"line":1,"column":47}},"1":{"start":{"line":5,"column":20},"end":{"line":17,"column":1}},"2":{"start":{"line":6,"column":16},"end":{"line":6,"column":48}},"3":{"start":{"line":8,"column":2},"end":{"line":8,"column":76}},"4":{"start":{"line":8,"column":14},"end":{"line":8,"column":76}},"5":{"start":{"line":10,"column":2},"end":{"line":15,"column":null}},"6":{"start":{"line":11,"column":41},"end":{"line":11,"column":110}},"7":{"start":{"line":12,"column":4},"end":{"line":12,"column":53}},"8":{"start":{"line":14,"column":4},"end":{"line":14,"column":66}},"9":{"start":{"line":16,"column":2},"end":{"line":16,"column":16}},"10":{"start":{"line":5,"column":13},"end":{"line":5,"column":20}}},"fnMap":{"0":{"name":"(anonymous_1)","decl":{"start":{"line":5,"column":20},"end":{"line":5,"column":21}},"loc":{"start":{"line":5,"column":81},"end":{"line":17,"column":1}}}},"branchMap":{"0":{"loc":{"start":{"line":8,"column":2},"end":{"line":8,"column":76}},"type":"if","locations":[{"start":{"line":8,"column":2},"end":{"line":8,"column":76}}]}},"s":{"0":4,"1":4,"2":9,"3":9,"4":2,"5":7,"6":7,"7":7,"8":0,"9":7,"10":4},"f":{"0":9},"b":{"0":[2]}}
,"C:\\Users\\Breno\\Desktop\\Arquivos Pessoais\\Projetos 2022+\\tasks_manager_api\\src\\middlewares\\errorHandler.ts": {"path":"C:\\Users\\Breno\\Desktop\\Arquivos Pessoais\\Projetos 2022+\\tasks_manager_api\\src\\middlewares\\errorHandler.ts","statementMap":{"0":{"start":{"line":1,"column":0},"end":{"line":1,"column":40}},"1":{"start":{"line":4,"column":28},"end":{"line":20,"column":1}},"2":{"start":{"line":5,"column":2},"end":{"line":10,"column":null}},"3":{"start":{"line":6,"column":4},"end":{"line":9,"column":7}},"4":{"start":{"line":12,"column":2},"end":{"line":17,"column":null}},"5":{"start":{"line":13,"column":4},"end":{"line":16,"column":7}},"6":{"start":{"line":19,"column":2},"end":{"line":19,"column":21}},"7":{"start":{"line":4,"column":13},"end":{"line":4,"column":28}}},"fnMap":{"0":{"name":"(anonymous_0)","decl":{"start":{"line":4,"column":28},"end":{"line":4,"column":29}},"loc":{"start":{"line":4,"column":92},"end":{"line":20,"column":1}}}},"branchMap":{"0":{"loc":{"start":{"line":5,"column":2},"end":{"line":10,"column":null}},"type":"if","locations":[{"start":{"line":5,"column":2},"end":{"line":10,"column":null}}]},"1":{"loc":{"start":{"line":12,"column":2},"end":{"line":17,"column":null}},"type":"if","locations":[{"start":{"line":12,"column":2},"end":{"line":17,"column":null}}]},"2":{"loc":{"start":{"line":12,"column":5},"end":{"line":12,"column":30}},"type":"binary-expr","locations":[{"start":{"line":12,"column":5},"end":{"line":12,"column":10}},{"start":{"line":12,"column":14},"end":{"line":12,"column":30}}]}},"s":{"0":4,"1":4,"2":13,"3":1,"4":12,"5":12,"6":0,"7":4},"f":{"0":13},"b":{"0":[1],"1":[12],"2":[12,12]}}
,"C:\\Users\\Breno\\Desktop\\Arquivos Pessoais\\Projetos 2022+\\tasks_manager_api\\src\\modules\\Account\\createAccount\\CreateAccountController.ts": {"path":"C:\\Users\\Breno\\Desktop\\Arquivos Pessoais\\Projetos 2022+\\tasks_manager_api\\src\\modules\\Account\\createAccount\\CreateAccountController.ts","statementMap":{"0":{"start":{"line":2,"column":0},"end":{"line":2,"column":61}},"1":{"start":{"line":3,"column":0},"end":{"line":3,"column":62}},"2":{"start":{"line":7,"column":38},"end":{"line":7,"column":50}},"3":{"start":{"line":9,"column":33},"end":{"line":9,"column":59}},"4":{"start":{"line":11,"column":20},"end":{"line":15,"column":6}},"5":{"start":{"line":17,"column":18},"end":{"line":17,"column":40}},"6":{"start":{"line":19,"column":4},"end":{"line":22,"column":7}},"7":{"start":{"line":5,"column":0},"end":{"line":5,"column":13}}},"fnMap":{"0":{"name":"(anonymous_7)","decl":{"start":{"line":6,"column":8},"end":{"line":6,"column":14}},"loc":{"start":{"line":6,"column":51},"end":{"line":23,"column":null}}}},"branchMap":{},"s":{"0":4,"1":4,"2":10,"3":10,"4":10,"5":4,"6":4,"7":4},"f":{"0":10},"b":{}}
,"C:\\Users\\Breno\\Desktop\\Arquivos Pessoais\\Projetos 2022+\\tasks_manager_api\\src\\modules\\Account\\createAccount\\CreateAccountUseCase.ts": {"path":"C:\\Users\\Breno\\Desktop\\Arquivos Pessoais\\Projetos 2022+\\tasks_manager_api\\src\\modules\\Account\\createAccount\\CreateAccountUseCase.ts","statementMap":{"0":{"start":{"line":1,"column":0},"end":{"line":1,"column":62}},"1":{"start":{"line":3,"column":0},"end":{"line":3,"column":30}},"2":{"start":{"line":5,"column":0},"end":{"line":5,"column":63}},"3":{"start":{"line":6,"column":0},"end":{"line":6,"column":58}},"4":{"start":{"line":10,"column":38},"end":{"line":10,"column":45}},"5":{"start":{"line":12,"column":4},"end":{"line":12,"column":45}},"6":{"start":{"line":14,"column":24},"end":{"line":18,"column":6}},"7":{"start":{"line":20,"column":4},"end":{"line":22,"column":6}},"8":{"start":{"line":20,"column":21},"end":{"line":22,"column":6}},"9":{"start":{"line":24,"column":30},"end":{"line":24,"column":61}},"10":{"start":{"line":26,"column":32},"end":{"line":31,"column":6}},"11":{"start":{"line":33,"column":4},"end":{"line":33,"column":31}},"12":{"start":{"line":35,"column":4},"end":{"line":35,"column":22}},"13":{"start":{"line":8,"column":0},"end":{"line":8,"column":13}}},"fnMap":{"0":{"name":"(anonymous_8)","decl":{"start":{"line":9,"column":8},"end":{"line":9,"column":14}},"loc":{"start":{"line":9,"column":40},"end":{"line":36,"column":null}}}},"branchMap":{"0":{"loc":{"start":{"line":20,"column":4},"end":{"line":22,"column":6}},"type":"if","locations":[{"start":{"line":20,"column":4},"end":{"line":22,"column":6}}]}},"s":{"0":4,"1":4,"2":4,"3":4,"4":10,"5":10,"6":5,"7":5,"8":1,"9":4,"10":4,"11":4,"12":4,"13":4},"f":{"0":10},"b":{"0":[1]}}
,"C:\\Users\\Breno\\Desktop\\Arquivos Pessoais\\Projetos 2022+\\tasks_manager_api\\src\\modules\\Account\\deleteAccount\\DeleteAccountController.ts": {"path":"C:\\Users\\Breno\\Desktop\\Arquivos Pessoais\\Projetos 2022+\\tasks_manager_api\\src\\modules\\Account\\deleteAccount\\DeleteAccountController.ts","statementMap":{"0":{"start":{"line":2,"column":0},"end":{"line":2,"column":63}},"1":{"start":{"line":3,"column":0},"end":{"line":3,"column":62}},"2":{"start":{"line":7,"column":19},"end":{"line":7,"column":33}},"3":{"start":{"line":9,"column":4},"end":{"line":9,"column":27}},"4":{"start":{"line":11,"column":33},"end":{"line":11,"column":59}},"5":{"start":{"line":13,"column":4},"end":{"line":13,"column":42}},"6":{"start":{"line":15,"column":4},"end":{"line":17,"column":7}},"7":{"start":{"line":5,"column":0},"end":{"line":5,"column":13}}},"fnMap":{"0":{"name":"(anonymous_7)","decl":{"start":{"line":6,"column":8},"end":{"line":6,"column":14}},"loc":{"start":{"line":6,"column":51},"end":{"line":18,"column":null}}}},"branchMap":{},"s":{"0":4,"1":4,"2":5,"3":5,"4":5,"5":5,"6":4,"7":4},"f":{"0":5},"b":{}}
,"C:\\Users\\Breno\\Desktop\\Arquivos Pessoais\\Projetos 2022+\\tasks_manager_api\\src\\modules\\Account\\deleteAccount\\DeleteAccountUseCase.ts": {"path":"C:\\Users\\Breno\\Desktop\\Arquivos Pessoais\\Projetos 2022+\\tasks_manager_api\\src\\modules\\Account\\deleteAccount\\DeleteAccountUseCase.ts","statementMap":{"0":{"start":{"line":2,"column":0},"end":{"line":2,"column":62}},"1":{"start":{"line":3,"column":0},"end":{"line":3,"column":58}},"2":{"start":{"line":4,"column":0},"end":{"line":4,"column":63}},"3":{"start":{"line":9,"column":4},"end":{"line":9,"column":27}},"4":{"start":{"line":11,"column":37},"end":{"line":15,"column":6}},"5":{"start":{"line":17,"column":4},"end":{"line":19,"column":null}},"6":{"start":{"line":18,"column":6},"end":{"line":18,"column":75}},"7":{"start":{"line":21,"column":27},"end":{"line":25,"column":6}},"8":{"start":{"line":27,"column":4},"end":{"line":27,"column":35}},"9":{"start":{"line":29,"column":4},"end":{"line":29,"column":26}},"10":{"start":{"line":6,"column":0},"end":{"line":6,"column":13}}},"fnMap":{"0":{"name":"(anonymous_7)","decl":{"start":{"line":7,"column":8},"end":{"line":7,"column":14}},"loc":{"start":{"line":7,"column":25},"end":{"line":30,"column":null}}}},"branchMap":{"0":{"loc":{"start":{"line":17,"column":4},"end":{"line":19,"column":null}},"type":"if","locations":[{"start":{"line":17,"column":4},"end":{"line":19,"column":null}}]}},"s":{"0":4,"1":4,"2":4,"3":5,"4":5,"5":5,"6":1,"7":4,"8":4,"9":4,"10":4},"f":{"0":5},"b":{"0":[1]}}
,"C:\\Users\\Breno\\Desktop\\Arquivos Pessoais\\Projetos 2022+\\tasks_manager_api\\src\\modules\\Account\\findAccountById\\FindAccountByIdController.ts": {"path":"C:\\Users\\Breno\\Desktop\\Arquivos Pessoais\\Projetos 2022+\\tasks_manager_api\\src\\modules\\Account\\findAccountById\\FindAccountByIdController.ts","statementMap":{"0":{"start":{"line":2,"column":0},"end":{"line":2,"column":58}},"1":{"start":{"line":3,"column":0},"end":{"line":3,"column":63}},"2":{"start":{"line":4,"column":0},"end":{"line":4,"column":66}},"3":{"start":{"line":8,"column":19},"end":{"line":8,"column":33}},"4":{"start":{"line":9,"column":31},"end":{"line":9,"column":43}},"5":{"start":{"line":10,"column":4},"end":{"line":10,"column":27}},"6":{"start":{"line":12,"column":35},"end":{"line":12,"column":63}},"7":{"start":{"line":14,"column":20},"end":{"line":14,"column":59}},"8":{"start":{"line":16,"column":4},"end":{"line":16,"column":66}},"9":{"start":{"line":16,"column":17},"end":{"line":16,"column":66}},"10":{"start":{"line":17,"column":4},"end":{"line":17,"column":93}},"11":{"start":{"line":17,"column":49},"end":{"line":17,"column":93}},"12":{"start":{"line":19,"column":4},"end":{"line":19,"column":46}},"13":{"start":{"line":6,"column":0},"end":{"line":6,"column":13}}},"fnMap":{"0":{"name":"(anonymous_7)","decl":{"start":{"line":7,"column":8},"end":{"line":7,"column":14}},"loc":{"start":{"line":7,"column":51},"end":{"line":20,"column":null}}}},"branchMap":{"0":{"loc":{"start":{"line":16,"column":4},"end":{"line":16,"column":66}},"type":"if","locations":[{"start":{"line":16,"column":4},"end":{"line":16,"column":66}}]},"1":{"loc":{"start":{"line":17,"column":4},"end":{"line":17,"column":93}},"type":"if","locations":[{"start":{"line":17,"column":4},"end":{"line":17,"column":93}}]}},"s":{"0":4,"1":4,"2":4,"3":2,"4":2,"5":2,"6":2,"7":2,"8":1,"9":0,"10":1,"11":0,"12":1,"13":4},"f":{"0":2},"b":{"0":[0],"1":[0]}}
,"C:\\Users\\Breno\\Desktop\\Arquivos Pessoais\\Projetos 2022+\\tasks_manager_api\\src\\modules\\Account\\findAccountById\\FindAccountByIdUseCase.ts": {"path":"C:\\Users\\Breno\\Desktop\\Arquivos Pessoais\\Projetos 2022+\\tasks_manager_api\\src\\modules\\Account\\findAccountById\\FindAccountByIdUseCase.ts","statementMap":{"0":{"start":{"line":1,"column":0},"end":{"line":1,"column":62}},"1":{"start":{"line":2,"column":0},"end":{"line":2,"column":58}},"2":{"start":{"line":6,"column":20},"end":{"line":10,"column":6}},"3":{"start":{"line":12,"column":4},"end":{"line":12,"column":81}},"4":{"start":{"line":12,"column":17},"end":{"line":12,"column":81}},"5":{"start":{"line":14,"column":4},"end":{"line":14,"column":28}},"6":{"start":{"line":16,"column":4},"end":{"line":16,"column":19}},"7":{"start":{"line":4,"column":0},"end":{"line":4,"column":13}}},"fnMap":{"0":{"name":"(anonymous_7)","decl":{"start":{"line":5,"column":8},"end":{"line":5,"column":14}},"loc":{"start":{"line":5,"column":25},"end":{"line":17,"column":null}}}},"branchMap":{"0":{"loc":{"start":{"line":12,"column":4},"end":{"line":12,"column":81}},"type":"if","locations":[{"start":{"line":12,"column":4},"end":{"line":12,"column":81}}]}},"s":{"0":4,"1":4,"2":2,"3":2,"4":1,"5":1,"6":1,"7":4},"f":{"0":2},"b":{"0":[1]}}
,"C:\\Users\\Breno\\Desktop\\Arquivos Pessoais\\Projetos 2022+\\tasks_manager_api\\src\\modules\\Authentication\\authenticate\\AuthenticateController.ts": {"path":"C:\\Users\\Breno\\Desktop\\Arquivos Pessoais\\Projetos 2022+\\tasks_manager_api\\src\\modules\\Authentication\\authenticate\\AuthenticateController.ts","statementMap":{"0":{"start":{"line":2,"column":0},"end":{"line":2,"column":61}},"1":{"start":{"line":3,"column":0},"end":{"line":3,"column":63}},"2":{"start":{"line":4,"column":0},"end":{"line":4,"column":60}},"3":{"start":{"line":8,"column":32},"end":{"line":8,"column":44}},"4":{"start":{"line":10,"column":4},"end":{"line":10,"column":40}},"5":{"start":{"line":12,"column":32},"end":{"line":12,"column":57}},"6":{"start":{"line":14,"column":20},"end":{"line":14,"column":73}},"7":{"start":{"line":16,"column":18},"end":{"line":16,"column":40}},"8":{"start":{"line":18,"column":4},"end":{"line":18,"column":57}},"9":{"start":{"line":6,"column":0},"end":{"line":6,"column":13}}},"fnMap":{"0":{"name":"(anonymous_7)","decl":{"start":{"line":7,"column":8},"end":{"line":7,"column":14}},"loc":{"start":{"line":7,"column":51},"end":{"line":19,"column":null}}}},"branchMap":{},"s":{"0":4,"1":4,"2":4,"3":6,"4":6,"5":3,"6":3,"7":1,"8":1,"9":4},"f":{"0":6},"b":{}}
,"C:\\Users\\Breno\\Desktop\\Arquivos Pessoais\\Projetos 2022+\\tasks_manager_api\\src\\modules\\Authentication\\authenticate\\AuthenticateUseCase.ts": {"path":"C:\\Users\\Breno\\Desktop\\Arquivos Pessoais\\Projetos 2022+\\tasks_manager_api\\src\\modules\\Authentication\\authenticate\\AuthenticateUseCase.ts","statementMap":{"0":{"start":{"line":1,"column":0},"end":{"line":1,"column":63}},"1":{"start":{"line":3,"column":0},"end":{"line":3,"column":62}},"2":{"start":{"line":4,"column":0},"end":{"line":4,"column":58}},"3":{"start":{"line":5,"column":0},"end":{"line":5,"column":30}},"4":{"start":{"line":9,"column":32},"end":{"line":9,"column":36}},"5":{"start":{"line":11,"column":4},"end":{"line":11,"column":40}},"6":{"start":{"line":13,"column":20},"end":{"line":17,"column":6}},"7":{"start":{"line":19,"column":4},"end":{"line":19,"column":79}},"8":{"start":{"line":19,"column":17},"end":{"line":19,"column":79}},"9":{"start":{"line":21,"column":27},"end":{"line":21,"column":32}},"10":{"start":{"line":23,"column":4},"end":{"line":23,"column":72}},"11":{"start":{"line":24,"column":4},"end":{"line":24,"column":28}},"12":{"start":{"line":26,"column":4},"end":{"line":26,"column":88}},"13":{"start":{"line":26,"column":26},"end":{"line":26,"column":88}},"14":{"start":{"line":28,"column":4},"end":{"line":28,"column":19}},"15":{"start":{"line":7,"column":0},"end":{"line":7,"column":13}}},"fnMap":{"0":{"name":"(anonymous_8)","decl":{"start":{"line":8,"column":8},"end":{"line":8,"column":14}},"loc":{"start":{"line":8,"column":36},"end":{"line":29,"column":null}}}},"branchMap":{"0":{"loc":{"start":{"line":19,"column":4},"end":{"line":19,"column":79}},"type":"if","locations":[{"start":{"line":19,"column":4},"end":{"line":19,"column":79}}]},"1":{"loc":{"start":{"line":26,"column":4},"end":{"line":26,"column":88}},"type":"if","locations":[{"start":{"line":26,"column":4},"end":{"line":26,"column":88}}]}},"s":{"0":4,"1":4,"2":4,"3":4,"4":3,"5":3,"6":3,"7":2,"8":1,"9":1,"10":1,"11":1,"12":1,"13":0,"14":1,"15":4},"f":{"0":3},"b":{"0":[1],"1":[0]}}
,"C:\\Users\\Breno\\Desktop\\Arquivos Pessoais\\Projetos 2022+\\tasks_manager_api\\src\\modules\\Project\\createProject\\CreateProjectController.ts": {"path":"C:\\Users\\Breno\\Desktop\\Arquivos Pessoais\\Projetos 2022+\\tasks_manager_api\\src\\modules\\Project\\createProject\\CreateProjectController.ts","statementMap":{"0":{"start":{"line":2,"column":0},"end":{"line":2,"column":63}},"1":{"start":{"line":3,"column":0},"end":{"line":3,"column":62}},"2":{"start":{"line":4,"column":0},"end":{"line":4,"column":74}},"3":{"start":{"line":12,"column":8},"end":{"line":12,"column":20}},"4":{"start":{"line":14,"column":4},"end":{"line":14,"column":51}},"5":{"start":{"line":16,"column":25},"end":{"line":16,"column":51}},"6":{"start":{"line":18,"column":20},"end":{"line":18,"column":77}},"7":{"start":{"line":20,"column":4},"end":{"line":20,"column":72}},"8":{"start":{"line":20,"column":17},"end":{"line":20,"column":72}},"9":{"start":{"line":22,"column":4},"end":{"line":22,"column":38}},"10":{"start":{"line":6,"column":0},"end":{"line":6,"column":13}}},"fnMap":{"0":{"name":"(anonymous_7)","decl":{"start":{"line":7,"column":8},"end":{"line":7,"column":14}},"loc":{"start":{"line":7,"column":51},"end":{"line":23,"column":null}}}},"branchMap":{"0":{"loc":{"start":{"line":20,"column":4},"end":{"line":20,"column":72}},"type":"if","locations":[{"start":{"line":20,"column":4},"end":{"line":20,"column":72}}]}},"s":{"0":4,"1":4,"2":4,"3":0,"4":0,"5":0,"6":0,"7":0,"8":0,"9":0,"10":4},"f":{"0":0},"b":{"0":[0]}}
,"C:\\Users\\Breno\\Desktop\\Arquivos Pessoais\\Projetos 2022+\\tasks_manager_api\\src\\modules\\Project\\createProject\\CreateProjectUseCase.ts": {"path":"C:\\Users\\Breno\\Desktop\\Arquivos Pessoais\\Projetos 2022+\\tasks_manager_api\\src\\modules\\Project\\createProject\\CreateProjectUseCase.ts","statementMap":{"0":{"start":{"line":1,"column":0},"end":{"line":1,"column":62}},"1":{"start":{"line":7,"column":43},"end":{"line":7,"column":57}},"2":{"start":{"line":9,"column":29},"end":{"line":19,"column":6}},"3":{"start":{"line":21,"column":4},"end":{"line":21,"column":19}},"4":{"start":{"line":5,"column":0},"end":{"line":5,"column":13}}},"fnMap":{"0":{"name":"(anonymous_7)","decl":{"start":{"line":6,"column":8},"end":{"line":6,"column":14}},"loc":{"start":{"line":6,"column":47},"end":{"line":22,"column":null}}}},"branchMap":{},"s":{"0":4,"1":0,"2":0,"3":0,"4":4},"f":{"0":0},"b":{}}
,"C:\\Users\\Breno\\Desktop\\Arquivos Pessoais\\Projetos 2022+\\tasks_manager_api\\src\\routes\\account.routes.ts": {"path":"C:\\Users\\Breno\\Desktop\\Arquivos Pessoais\\Projetos 2022+\\tasks_manager_api\\src\\routes\\account.routes.ts","statementMap":{"0":{"start":{"line":1,"column":0},"end":{"line":1,"column":33}},"1":{"start":{"line":3,"column":0},"end":{"line":3,"column":99}},"2":{"start":{"line":4,"column":0},"end":{"line":4,"column":105}},"3":{"start":{"line":5,"column":0},"end":{"line":5,"column":99}},"4":{"start":{"line":7,"column":0},"end":{"line":7,"column":54}},"5":{"start":{"line":9,"column":0},"end":{"line":9,"column":43}},"6":{"start":{"line":11,"column":22},"end":{"line":11,"column":30}},"7":{"start":{"line":21,"column":9},"end":{"line":21,"column":22}},"8":{"start":{"line":13,"column":22},"end":{"line":13,"column":51}},"9":{"start":{"line":14,"column":24},"end":{"line":14,"column":55}},"10":{"start":{"line":15,"column":22},"end":{"line":15,"column":51}},"11":{"start":{"line":17,"column":0},"end":{"line":17,"column":60}},"12":{"start":{"line":18,"column":0},"end":{"line":18,"column":70}},"13":{"start":{"line":19,"column":0},"end":{"line":19,"column":71}}},"fnMap":{},"branchMap":{},"s":{"0":4,"1":4,"2":4,"3":4,"4":4,"5":4,"6":4,"7":4,"8":4,"9":4,"10":4,"11":4,"12":4,"13":4},"f":{},"b":{}}
,"C:\\Users\\Breno\\Desktop\\Arquivos Pessoais\\Projetos 2022+\\tasks_manager_api\\src\\routes\\authentication.route.ts": {"path":"C:\\Users\\Breno\\Desktop\\Arquivos Pessoais\\Projetos 2022+\\tasks_manager_api\\src\\routes\\authentication.route.ts","statementMap":{"0":{"start":{"line":1,"column":0},"end":{"line":1,"column":33}},"1":{"start":{"line":2,"column":0},"end":{"line":2,"column":105}},"2":{"start":{"line":3,"column":0},"end":{"line":3,"column":54}},"3":{"start":{"line":5,"column":29},"end":{"line":5,"column":37}},"4":{"start":{"line":11,"column":9},"end":{"line":11,"column":29}},"5":{"start":{"line":7,"column":21},"end":{"line":7,"column":51}},"6":{"start":{"line":9,"column":0},"end":{"line":9,"column":66}}},"fnMap":{},"branchMap":{},"s":{"0":4,"1":4,"2":4,"3":4,"4":4,"5":4,"6":4},"f":{},"b":{}}
,"C:\\Users\\Breno\\Desktop\\Arquivos Pessoais\\Projetos 2022+\\tasks_manager_api\\src\\utils\\generateToken.ts": {"path":"C:\\Users\\Breno\\Desktop\\Arquivos Pessoais\\Projetos 2022+\\tasks_manager_api\\src\\utils\\generateToken.ts","statementMap":{"0":{"start":{"line":1,"column":0},"end":{"line":1,"column":31}},"1":{"start":{"line":4,"column":29},"end":{"line":6,"column":1}},"2":{"start":{"line":5,"column":2},"end":{"line":5,"column":69}},"3":{"start":{"line":4,"column":13},"end":{"line":4,"column":29}}},"fnMap":{"0":{"name":"(anonymous_1)","decl":{"start":{"line":4,"column":29},"end":{"line":4,"column":30}},"loc":{"start":{"line":4,"column":50},"end":{"line":6,"column":1}}}},"branchMap":{},"s":{"0":4,"1":4,"2":5,"3":4},"f":{"0":5},"b":{}}
,"C:\\Users\\Breno\\Desktop\\Arquivos Pessoais\\Projetos 2022+\\tasks_manager_api\\src\\utils\\requiredFields.ts": {"path":"C:\\Users\\Breno\\Desktop\\Arquivos Pessoais\\Projetos 2022+\\tasks_manager_api\\src\\utils\\requiredFields.ts","statementMap":{"0":{"start":{"line":1,"column":0},"end":{"line":1,"column":52}},"1":{"start":{"line":3,"column":30},"end":{"line":9,"column":1}},"2":{"start":{"line":4,"column":2},"end":{"line":8,"column":5}},"3":{"start":{"line":5,"column":4},"end":{"line":7,"column":null}},"4":{"start":{"line":6,"column":6},"end":{"line":6,"column":67}},"5":{"start":{"line":3,"column":13},"end":{"line":3,"column":30}}},"fnMap":{"0":{"name":"(anonymous_0)","decl":{"start":{"line":3,"column":30},"end":{"line":3,"column":31}},"loc":{"start":{"line":3,"column":44},"end":{"line":9,"column":1}}},"1":{"name":"(anonymous_1)","decl":{"start":{"line":4,"column":24},"end":{"line":4,"column":25}},"loc":{"start":{"line":4,"column":32},"end":{"line":8,"column":3}}}},"branchMap":{"0":{"loc":{"start":{"line":5,"column":4},"end":{"line":7,"column":null}},"type":"if","locations":[{"start":{"line":5,"column":4},"end":{"line":7,"column":null}}]}},"s":{"0":4,"1":4,"2":31,"3":53,"4":8,"5":4},"f":{"0":31,"1":53},"b":{"0":[8]}}
,"C:\\Users\\Breno\\Desktop\\Arquivos Pessoais\\Projetos 2022+\\tasks_manager_api\\src\\utils\\routerAdapter.ts": {"path":"C:\\Users\\Breno\\Desktop\\Arquivos Pessoais\\Projetos 2022+\\tasks_manager_api\\src\\utils\\routerAdapter.ts","statementMap":{"0":{"start":{"line":3,"column":28},"end":{"line":8,"column":1}},"1":{"start":{"line":4,"column":2},"end":{"line":7,"column":4}},"2":{"start":{"line":5,"column":4},"end":{"line":6,"column":27}},"3":{"start":{"line":6,"column":18},"end":{"line":6,"column":25}},"4":{"start":{"line":3,"column":13},"end":{"line":3,"column":28}}},"fnMap":{"0":{"name":"(anonymous_0)","decl":{"start":{"line":3,"column":28},"end":{"line":3,"column":29}},"loc":{"start":{"line":3,"column":49},"end":{"line":8,"column":1}}},"1":{"name":"(anonymous_1)","decl":{"start":{"line":4,"column":9},"end":{"line":4,"column":10}},"loc":{"start":{"line":4,"column":61},"end":{"line":7,"column":3}}},"2":{"name":"(anonymous_2)","decl":{"start":{"line":6,"column":13},"end":{"line":6,"column":14}},"loc":{"start":{"line":6,"column":18},"end":{"line":6,"column":25}}}},"branchMap":{},"s":{"0":4,"1":16,"2":23,"3":13,"4":4},"f":{"0":16,"1":23,"2":13},"b":{}}
}
