TN:
SF:src\routes.ts
FNF:0
FNH:0
DA:1,2
DA:2,2
DA:3,2
DA:4,2
DA:5,2
DA:6,2
DA:7,2
DA:8,2
DA:9,2
DA:10,2
DA:11,2
DA:12,2
DA:14,2
DA:16,2
DA:18,2
DA:20,2
DA:21,2
DA:22,2
DA:23,2
DA:24,2
DA:26,2
DA:27,2
DA:28,2
DA:29,2
DA:31,2
DA:33,2
DA:35,2
DA:36,2
DA:37,2
DA:38,2
DA:39,2
DA:41,2
DA:42,2
DA:43,2
DA:44,2
DA:47,2
LF:36
LH:36
BRF:0
BRH:0
end_of_record
TN:
SF:src\server.ts
FN:20,(anonymous_1)
FNF:1
FNH:0
FNDA:0,(anonymous_1)
DA:1,2
DA:2,2
DA:3,2
DA:4,2
DA:5,2
DA:6,2
DA:8,2
DA:10,2
DA:11,2
DA:12,2
DA:13,2
DA:15,2
DA:17,2
DA:19,2
DA:20,0
DA:23,2
LF:16
LH:15
BRDA:19,0,0,0
BRF:1
BRH:0
end_of_record
TN:
SF:src\controllers\CreateCategoryController.ts
FN:6,(anonymous_7)
FNF:1
FNH:0
FNDA:0,(anonymous_7)
DA:2,2
DA:5,2
DA:7,0
DA:9,0
DA:10,0
DA:21,0
DA:24,0
LF:7
LH:2
BRF:0
BRH:0
end_of_record
TN:
SF:src\controllers\DeleteCategoryController.ts
FN:5,(anonymous_7)
FNF:1
FNH:0
FNDA:0,(anonymous_7)
DA:2,2
DA:4,2
DA:6,0
DA:8,0
DA:9,0
DA:18,0
DA:20,0
LF:7
LH:2
BRF:0
BRH:0
end_of_record
TN:
SF:src\controllers\DeleteProjectController.ts
FN:5,(anonymous_7)
FNF:1
FNH:0
FNDA:0,(anonymous_7)
DA:2,2
DA:4,2
DA:6,0
DA:8,0
DA:9,0
DA:18,0
DA:20,0
LF:7
LH:2
BRF:0
BRH:0
end_of_record
TN:
SF:src\controllers\FindCategoriesByProjectIdController.ts
FN:5,(anonymous_7)
FNF:1
FNH:0
FNDA:0,(anonymous_7)
DA:2,2
DA:4,2
DA:6,0
DA:8,0
DA:10,0
DA:11,0
DA:24,0
DA:26,0
LF:8
LH:2
BRDA:8,0,0,0
BRF:1
BRH:0
end_of_record
TN:
SF:src\controllers\FindProjectById.ts
FN:5,(anonymous_7)
FNF:1
FNH:0
FNDA:0,(anonymous_7)
DA:2,2
DA:4,2
DA:6,0
DA:8,0
DA:9,0
DA:15,0
DA:17,0
LF:7
LH:2
BRF:0
BRH:0
end_of_record
TN:
SF:src\controllers\FindProjectsByUserId.ts
FN:5,(anonymous_7)
FNF:1
FNH:0
FNDA:0,(anonymous_7)
DA:2,2
DA:4,2
DA:6,0
DA:8,0
DA:9,0
DA:19,0
DA:21,0
LF:7
LH:2
BRF:0
BRH:0
end_of_record
TN:
SF:src\controllers\UpdateCategoryController.ts
FN:5,(anonymous_7)
FNF:1
FNH:0
FNDA:0,(anonymous_7)
DA:2,2
DA:4,2
DA:6,0
DA:8,0
DA:9,0
DA:18,0
DA:20,0
LF:7
LH:2
BRF:0
BRH:0
end_of_record
TN:
SF:src\controllers\UpdateProjectController.ts
FN:5,(anonymous_7)
FNF:1
FNH:0
FNDA:0,(anonymous_7)
DA:2,2
DA:4,2
DA:6,0
DA:8,0
DA:9,0
DA:19,0
DA:21,0
LF:7
LH:2
BRF:0
BRH:0
end_of_record
TN:
SF:src\database\prismaClient.ts
FNF:0
FNH:0
DA:1,2
DA:3,2
DA:5,2
LF:3
LH:3
BRF:0
BRH:0
end_of_record
TN:
SF:src\errors\CustomError.ts
FN:5,(anonymous_0)
FNF:1
FNH:1
FNDA:6,(anonymous_0)
DA:1,2
DA:6,6
DA:7,6
DA:8,6
LF:4
LH:4
BRF:0
BRH:0
end_of_record
TN:
SF:src\errors\InternalServerError.ts
FN:5,(anonymous_0)
FNF:1
FNH:0
FNDA:0,(anonymous_0)
DA:1,2
DA:6,0
DA:7,0
DA:8,0
LF:4
LH:1
BRF:0
BRH:0
end_of_record
TN:
SF:src\middlewares\auth.ts
FN:5,(anonymous_1)
FNF:1
FNH:1
FNDA:3,(anonymous_1)
DA:1,2
DA:5,2
DA:6,3
DA:8,3
DA:10,3
DA:11,3
DA:12,3
DA:14,0
DA:16,3
LF:9
LH:8
BRDA:8,0,0,0
BRF:1
BRH:0
end_of_record
TN:
SF:src\middlewares\errorHandler.ts
FN:3,(anonymous_0)
FNF:1
FNH:1
FNDA:6,(anonymous_0)
DA:3,2
DA:4,6
DA:5,6
DA:11,6
LF:4
LH:4
BRDA:4,0,0,6
BRDA:4,1,0,6
BRDA:4,1,1,6
BRF:3
BRH:3
end_of_record
TN:
SF:src\modules\Account\createAccount\CreateAccountController.ts
FN:6,(anonymous_7)
FNF:1
FNH:1
FNDA:7,(anonymous_7)
DA:2,2
DA:3,2
DA:5,2
DA:7,7
DA:9,7
DA:11,7
DA:17,2
DA:19,2
LF:8
LH:8
BRF:0
BRH:0
end_of_record
TN:
SF:src\modules\Account\createAccount\CreateAccountUseCase.ts
FN:10,(anonymous_8)
FNF:1
FNH:1
FNDA:7,(anonymous_8)
DA:1,2
DA:3,2
DA:5,2
DA:6,2
DA:7,2
DA:9,2
DA:11,7
DA:13,7
DA:15,3
DA:21,3
DA:25,2
DA:27,2
DA:34,2
DA:38,2
DA:40,2
LF:15
LH:15
BRDA:21,0,0,1
BRDA:34,1,0,0
BRF:2
BRH:1
end_of_record
TN:
SF:src\modules\Account\deleteAccount\DeleteAccountController.ts
FN:6,(anonymous_7)
FNF:1
FNH:1
FNDA:3,(anonymous_7)
DA:2,2
DA:3,2
DA:5,2
DA:7,3
DA:9,3
DA:11,3
DA:13,3
DA:15,2
LF:8
LH:8
BRF:0
BRH:0
end_of_record
TN:
SF:src\modules\Account\deleteAccount\DeleteAccountUseCase.ts
FN:7,(anonymous_7)
FNF:1
FNH:1
FNDA:3,(anonymous_7)
DA:2,2
DA:3,2
DA:4,2
DA:6,2
DA:9,3
DA:11,3
DA:17,3
DA:18,1
DA:21,2
DA:27,2
DA:29,2
LF:11
LH:11
BRDA:17,0,0,1
BRF:1
BRH:1
end_of_record
TN:
SF:src\modules\Account\findAccountById\FindAccountByIdController.ts
FN:7,(anonymous_7)
FNF:1
FNH:0
FNDA:0,(anonymous_7)
DA:2,2
DA:3,2
DA:4,2
DA:6,2
DA:8,0
DA:9,0
DA:10,0
DA:12,0
DA:14,0
DA:16,0
DA:17,0
DA:19,0
LF:12
LH:4
BRDA:16,0,0,0
BRDA:17,1,0,0
BRF:2
BRH:0
end_of_record
TN:
SF:src\modules\Account\findAccountById\FindAccountByIdUseCase.ts
FN:4,(anonymous_7)
FNF:1
FNH:0
FNDA:0,(anonymous_7)
DA:1,2
DA:3,2
DA:5,0
DA:11,0
DA:13,0
LF:5
LH:2
BRF:0
BRH:0
end_of_record
TN:
SF:src\modules\Authentication\authenticate\AuthenticateController.ts
FN:7,(anonymous_7)
FNF:1
FNH:0
FNDA:0,(anonymous_7)
DA:2,2
DA:3,2
DA:4,2
DA:6,2
DA:8,0
DA:9,0
DA:11,0
DA:13,0
DA:15,0
DA:17,0
LF:10
LH:4
BRF:0
BRH:0
end_of_record
TN:
SF:src\modules\Authentication\authenticate\AuthenticateUseCase.ts
FN:8,(anonymous_8)
FNF:1
FNH:0
FNDA:0,(anonymous_8)
DA:1,2
DA:3,2
DA:4,2
DA:5,2
DA:7,2
DA:9,0
DA:11,0
DA:13,0
DA:19,0
DA:21,0
DA:23,0
DA:24,0
DA:26,0
DA:28,0
LF:14
LH:5
BRDA:19,0,0,0
BRDA:26,1,0,0
BRF:2
BRH:0
end_of_record
TN:
SF:src\modules\Project\createProject\CreateProjectController.ts
FN:7,(anonymous_7)
FNF:1
FNH:0
FNDA:0,(anonymous_7)
DA:2,2
DA:3,2
DA:4,2
DA:6,2
DA:12,0
DA:14,0
DA:16,0
DA:18,0
DA:20,0
DA:22,0
LF:10
LH:4
BRDA:20,0,0,0
BRF:1
BRH:0
end_of_record
TN:
SF:src\modules\Project\createProject\CreateProjectUseCase.ts
FN:6,(anonymous_7)
FNF:1
FNH:0
FNDA:0,(anonymous_7)
DA:1,2
DA:5,2
DA:7,0
DA:9,0
DA:21,0
LF:5
LH:2
BRF:0
BRH:0
end_of_record
TN:
SF:src\routes\account.routes.ts
FNF:0
FNH:0
DA:1,2
DA:3,2
DA:4,2
DA:5,2
DA:7,2
DA:9,2
DA:11,2
DA:13,2
DA:14,2
DA:15,2
DA:17,2
DA:18,2
DA:19,2
DA:21,2
LF:14
LH:14
BRF:0
BRH:0
end_of_record
TN:
SF:src\utils\generateToken.ts
FN:4,(anonymous_1)
FNF:1
FNH:1
FNDA:2,(anonymous_1)
DA:1,2
DA:4,2
DA:5,2
LF:3
LH:3
BRF:0
BRH:0
end_of_record
TN:
SF:src\utils\requiredFields.ts
FN:3,(anonymous_0)
FN:4,(anonymous_1)
FNF:2
FNH:2
FNDA:13,(anonymous_0)
FNDA:22,(anonymous_1)
DA:1,2
DA:3,2
DA:4,13
DA:5,22
DA:6,4
LF:5
LH:5
BRDA:5,0,0,4
BRF:1
BRH:1
end_of_record
TN:
SF:src\utils\routerAdapter.ts
FN:3,(anonymous_0)
FN:4,(anonymous_1)
FN:6,(anonymous_2)
FNF:3
FNH:3
FNDA:6,(anonymous_0)
FNDA:10,(anonymous_1)
FNDA:6,(anonymous_2)
DA:3,2
DA:4,6
DA:5,10
DA:6,6
LF:4
LH:4
BRF:0
BRH:0
end_of_record
