TN:
SF:src\routes.ts
FNF:0
FNH:0
DA:1,4
DA:2,4
DA:3,4
DA:4,4
DA:5,4
DA:6,4
DA:7,4
DA:8,4
DA:9,4
DA:10,4
DA:11,4
DA:13,4
DA:14,4
DA:16,4
DA:18,4
DA:19,4
DA:20,4
DA:21,4
DA:22,4
DA:24,4
DA:25,4
DA:26,4
DA:27,4
DA:29,4
DA:30,4
DA:32,4
DA:33,4
DA:34,4
DA:35,4
DA:36,4
DA:38,4
DA:39,4
DA:40,4
DA:41,4
DA:44,4
LF:35
LH:35
BRF:0
BRH:0
end_of_record
TN:
SF:src\server.ts
FN:20,(anonymous_1)
FNF:1
FNH:0
FNDA:0,(anonymous_1)
DA:1,4
DA:2,4
DA:3,4
DA:4,4
DA:5,4
DA:6,4
DA:8,4
DA:10,4
DA:11,4
DA:12,4
DA:13,4
DA:15,4
DA:17,4
DA:19,4
DA:20,0
DA:23,4
LF:16
LH:15
BRDA:19,0,0,0
BRF:1
BRH:0
end_of_record
TN:
SF:src\controllers\CreateCategoryController.ts
FN:6,(anonymous_7)
FNF:1
FNH:0
FNDA:0,(anonymous_7)
DA:2,4
DA:5,4
DA:7,0
DA:9,0
DA:10,0
DA:21,0
DA:24,0
LF:7
LH:2
BRF:0
BRH:0
end_of_record
TN:
SF:src\controllers\DeleteCategoryController.ts
FN:5,(anonymous_7)
FNF:1
FNH:0
FNDA:0,(anonymous_7)
DA:2,4
DA:4,4
DA:6,0
DA:8,0
DA:9,0
DA:18,0
DA:20,0
LF:7
LH:2
BRF:0
BRH:0
end_of_record
TN:
SF:src\controllers\DeleteProjectController.ts
FN:5,(anonymous_7)
FNF:1
FNH:0
FNDA:0,(anonymous_7)
DA:2,4
DA:4,4
DA:6,0
DA:8,0
DA:9,0
DA:18,0
DA:20,0
LF:7
LH:2
BRF:0
BRH:0
end_of_record
TN:
SF:src\controllers\FindCategoriesByProjectIdController.ts
FN:5,(anonymous_7)
FNF:1
FNH:0
FNDA:0,(anonymous_7)
DA:2,4
DA:4,4
DA:6,0
DA:8,0
DA:10,0
DA:11,0
DA:24,0
DA:26,0
LF:8
LH:2
BRDA:8,0,0,0
BRF:1
BRH:0
end_of_record
TN:
SF:src\controllers\FindProjectById.ts
FN:5,(anonymous_7)
FNF:1
FNH:0
FNDA:0,(anonymous_7)
DA:2,4
DA:4,4
DA:6,0
DA:8,0
DA:9,0
DA:15,0
DA:17,0
LF:7
LH:2
BRF:0
BRH:0
end_of_record
TN:
SF:src\controllers\FindProjectsByUserId.ts
FN:5,(anonymous_7)
FNF:1
FNH:0
FNDA:0,(anonymous_7)
DA:2,4
DA:4,4
DA:6,0
DA:8,0
DA:9,0
DA:19,0
DA:21,0
LF:7
LH:2
BRF:0
BRH:0
end_of_record
TN:
SF:src\controllers\UpdateCategoryController.ts
FN:5,(anonymous_7)
FNF:1
FNH:0
FNDA:0,(anonymous_7)
DA:2,4
DA:4,4
DA:6,0
DA:8,0
DA:9,0
DA:18,0
DA:20,0
LF:7
LH:2
BRF:0
BRH:0
end_of_record
TN:
SF:src\controllers\UpdateProjectController.ts
FN:5,(anonymous_7)
FNF:1
FNH:0
FNDA:0,(anonymous_7)
DA:2,4
DA:4,4
DA:6,0
DA:8,0
DA:9,0
DA:19,0
DA:21,0
LF:7
LH:2
BRF:0
BRH:0
end_of_record
TN:
SF:src\database\prismaClient.ts
FNF:0
FNH:0
DA:1,4
DA:3,4
DA:5,4
LF:3
LH:3
BRF:0
BRH:0
end_of_record
TN:
SF:src\errors\CustomError.ts
FN:5,(anonymous_0)
FNF:1
FNH:1
FNDA:12,(anonymous_0)
DA:1,4
DA:6,12
DA:7,12
DA:8,12
LF:4
LH:4
BRF:0
BRH:0
end_of_record
TN:
SF:src\errors\InternalServerError.ts
FN:5,(anonymous_0)
FNF:1
FNH:0
FNDA:0,(anonymous_0)
DA:1,4
DA:6,0
DA:7,0
DA:8,0
LF:4
LH:1
BRF:0
BRH:0
end_of_record
TN:
SF:src\middlewares\auth.ts
FN:5,(anonymous_1)
FNF:1
FNH:1
FNDA:9,(anonymous_1)
DA:1,4
DA:5,4
DA:6,9
DA:8,9
DA:10,7
DA:11,7
DA:12,7
DA:14,0
DA:16,7
LF:9
LH:8
BRDA:8,0,0,2
BRF:1
BRH:1
end_of_record
TN:
SF:src\middlewares\errorHandler.ts
FN:4,(anonymous_0)
FNF:1
FNH:1
FNDA:13,(anonymous_0)
DA:1,4
DA:4,4
DA:5,13
DA:6,1
DA:12,12
DA:13,12
DA:19,0
LF:7
LH:6
BRDA:5,0,0,1
BRDA:12,1,0,12
BRDA:12,2,0,12
BRDA:12,2,1,12
BRF:4
BRH:4
end_of_record
TN:
SF:src\modules\Account\createAccount\CreateAccountController.ts
FN:6,(anonymous_7)
FNF:1
FNH:1
FNDA:10,(anonymous_7)
DA:2,4
DA:3,4
DA:5,4
DA:7,10
DA:9,10
DA:11,10
DA:17,4
DA:19,4
LF:8
LH:8
BRF:0
BRH:0
end_of_record
TN:
SF:src\modules\Account\createAccount\CreateAccountUseCase.ts
FN:9,(anonymous_8)
FNF:1
FNH:1
FNDA:10,(anonymous_8)
DA:1,4
DA:3,4
DA:5,4
DA:6,4
DA:8,4
DA:10,10
DA:12,10
DA:14,5
DA:20,5
DA:24,4
DA:26,4
DA:33,4
DA:35,4
LF:13
LH:13
BRDA:20,0,0,1
BRF:1
BRH:1
end_of_record
TN:
SF:src\modules\Account\deleteAccount\DeleteAccountController.ts
FN:6,(anonymous_7)
FNF:1
FNH:1
FNDA:5,(anonymous_7)
DA:2,4
DA:3,4
DA:5,4
DA:7,5
DA:9,5
DA:11,5
DA:13,5
DA:15,4
LF:8
LH:8
BRF:0
BRH:0
end_of_record
TN:
SF:src\modules\Account\deleteAccount\DeleteAccountUseCase.ts
FN:7,(anonymous_7)
FNF:1
FNH:1
FNDA:5,(anonymous_7)
DA:2,4
DA:3,4
DA:4,4
DA:6,4
DA:9,5
DA:11,5
DA:17,5
DA:18,1
DA:21,4
DA:27,4
DA:29,4
LF:11
LH:11
BRDA:17,0,0,1
BRF:1
BRH:1
end_of_record
TN:
SF:src\modules\Account\findAccountById\FindAccountByIdController.ts
FN:7,(anonymous_7)
FNF:1
FNH:1
FNDA:2,(anonymous_7)
DA:2,4
DA:3,4
DA:4,4
DA:6,4
DA:8,2
DA:9,2
DA:10,2
DA:12,2
DA:14,2
DA:16,1
DA:17,1
DA:19,1
LF:12
LH:12
BRDA:16,0,0,0
BRDA:17,1,0,0
BRF:2
BRH:0
end_of_record
TN:
SF:src\modules\Account\findAccountById\FindAccountByIdUseCase.ts
FN:5,(anonymous_7)
FNF:1
FNH:1
FNDA:2,(anonymous_7)
DA:1,4
DA:2,4
DA:4,4
DA:6,2
DA:12,2
DA:14,1
DA:16,1
LF:7
LH:7
BRDA:12,0,0,1
BRF:1
BRH:1
end_of_record
TN:
SF:src\modules\Authentication\authenticate\AuthenticateController.ts
FN:7,(anonymous_7)
FNF:1
FNH:1
FNDA:6,(anonymous_7)
DA:2,4
DA:3,4
DA:4,4
DA:6,4
DA:8,6
DA:10,6
DA:12,3
DA:14,3
DA:16,1
DA:18,1
LF:10
LH:10
BRF:0
BRH:0
end_of_record
TN:
SF:src\modules\Authentication\authenticate\AuthenticateUseCase.ts
FN:8,(anonymous_8)
FNF:1
FNH:1
FNDA:3,(anonymous_8)
DA:1,4
DA:3,4
DA:4,4
DA:5,4
DA:7,4
DA:9,3
DA:11,3
DA:13,3
DA:19,2
DA:21,1
DA:23,1
DA:24,1
DA:26,1
DA:28,1
LF:14
LH:14
BRDA:19,0,0,1
BRDA:26,1,0,0
BRF:2
BRH:1
end_of_record
TN:
SF:src\modules\Project\createProject\CreateProjectController.ts
FN:7,(anonymous_7)
FNF:1
FNH:0
FNDA:0,(anonymous_7)
DA:2,4
DA:3,4
DA:4,4
DA:6,4
DA:12,0
DA:14,0
DA:16,0
DA:18,0
DA:20,0
DA:22,0
LF:10
LH:4
BRDA:20,0,0,0
BRF:1
BRH:0
end_of_record
TN:
SF:src\modules\Project\createProject\CreateProjectUseCase.ts
FN:6,(anonymous_7)
FNF:1
FNH:0
FNDA:0,(anonymous_7)
DA:1,4
DA:5,4
DA:7,0
DA:9,0
DA:21,0
LF:5
LH:2
BRF:0
BRH:0
end_of_record
TN:
SF:src\routes\account.routes.ts
FNF:0
FNH:0
DA:1,4
DA:3,4
DA:4,4
DA:5,4
DA:7,4
DA:9,4
DA:11,4
DA:13,4
DA:14,4
DA:15,4
DA:17,4
DA:18,4
DA:19,4
DA:21,4
LF:14
LH:14
BRF:0
BRH:0
end_of_record
TN:
SF:src\routes\authentication.route.ts
FNF:0
FNH:0
DA:1,4
DA:2,4
DA:3,4
DA:5,4
DA:7,4
DA:9,4
DA:11,4
LF:7
LH:7
BRF:0
BRH:0
end_of_record
TN:
SF:src\utils\generateToken.ts
FN:4,(anonymous_1)
FNF:1
FNH:1
FNDA:5,(anonymous_1)
DA:1,4
DA:4,4
DA:5,5
LF:3
LH:3
BRF:0
BRH:0
end_of_record
TN:
SF:src\utils\requiredFields.ts
FN:3,(anonymous_0)
FN:4,(anonymous_1)
FNF:2
FNH:2
FNDA:31,(anonymous_0)
FNDA:53,(anonymous_1)
DA:1,4
DA:3,4
DA:4,31
DA:5,53
DA:6,8
LF:5
LH:5
BRDA:5,0,0,8
BRF:1
BRH:1
end_of_record
TN:
SF:src\utils\routerAdapter.ts
FN:3,(anonymous_0)
FN:4,(anonymous_1)
FN:6,(anonymous_2)
FNF:3
FNH:3
FNDA:16,(anonymous_0)
FNDA:23,(anonymous_1)
FNDA:13,(anonymous_2)
DA:3,4
DA:4,16
DA:5,23
DA:6,13
LF:4
LH:4
BRF:0
BRH:0
end_of_record
